#
# A fatal error has been detected by the Java Runtime Environment:
#
#  EXCEPTION_ACCESS_VIOLATION (0xc0000005) at pc=0x00007ff9c8401846, pid=1136, tid=12176
#
# JRE version: Java(TM) SE Runtime Environment (9.0+11) (build 9.0.4+11)
# Java VM: Java HotSpot(TM) 64-Bit Server VM (9.0.4+11, mixed mode, tiered, compressed oops, g1 gc, windows-amd64)
# Problematic frame:
# C  [librdi_filemgmt.dll+0x241846]
#
# No core dump will be written. Minidumps are not enabled by default on client versions of Windows
#
# If you would like to submit a bug report, please visit:
#   http://bugreport.java.com/bugreport/crash.jsp
# The crash happened outside the Java Virtual Machine in native code.
# See problematic frame for where to report the bug.
#

---------------  S U M M A R Y ------------

Command Line: -Dsun.java2d.pmoffscreen=false -Dsun.java2d.xrender=false -Dsun.java2d.d3d=false -Dsun.awt.nopixfmt=true -Dsun.java2d.dpiaware=true -Dsun.java2d.uiScale.enabled=false -Xverify:none -Dswing.aatext=true -XX:-UsePerfData -Djdk.map.althashing.threshold=512 -XX:StringTableSize=4072 --add-opens=java.base/java.nio=ALL-UNNAMED --add-opens=java.desktop/sun.swing=ALL-UNNAMED --add-opens=java.desktop/javax.swing=ALL-UNNAMED --add-opens=java.desktop/javax.swing.tree=ALL-UNNAMED --add-opens=java.desktop/javax.swing.plaf.basic=ALL-UNNAMED --add-opens=java.desktop/javax.swing.plaf.synth=ALL-UNNAMED --add-opens=java.desktop/com.sun.awt=ALL-UNNAMED -XX:NewSize=60m -XX:MaxNewSize=60m -Xms128m -Xmx3072m -Xss5m 

Host: Intel(R) Core(TM) i7-4710HQ CPU @ 2.50GHz, 8 cores, 15G,  Windows 10 , 64 bit Build 17134 (10.0.17134.753)
Time: Mon Aug 19 09:00:52 2019 Hora est. Sudamérica Pacífico elapsed time: 64985 seconds (0d 18h 3m 5s)

---------------  T H R E A D  ---------------

Current thread (0x00000272a5767000):  JavaThread "AWT-EventQueue-1" [_thread_in_native, id=12176, stack(0x000000f112b00000,0x000000f113000000)]

Stack: [0x000000f112b00000,0x000000f113000000],  sp=0x000000f112ffd350,  free space=5108k
Native frames: (J=compiled Java code, j=interpreted, Vv=VM code, C=native code)
C  [librdi_filemgmt.dll+0x241846]
C  [librdi_filemgmt.dll+0x240441]
C  [librdi_filemgmt.dll+0x255628]
C  0x0000027293ea5552

Java frames: (J=compiled Java code, j=interpreted, Vv=VM code)
J 22729  ui.data.srcscan.srcscani.EditorAssist_createParseInfoIter(JLjava/lang/String;)J (0 bytes) @ 0x0000027293ea54b5 [0x0000027293ea5460+0x0000000000000055]
J 24878 c1 ui.data.k.a.a.bOj()V (229 bytes) @ 0x000002728e117cd4 [0x000002728e1175c0+0x0000000000000714]
J 25950 c1 ui.views.V.a.ab.gEu()V (52 bytes) @ 0x000002728d2af2dc [0x000002728d2ae5c0+0x0000000000000d1c]
J 25005 c1 ui.views.V.a.as.finished()V (81 bytes) @ 0x000002728d4d5ddc [0x000002728d4d5c00+0x00000000000001dc]
J 23047 c2 ui.frmwork.x.run()V (15 bytes) @ 0x00000272948b2dac [0x00000272948b1e60+0x0000000000000f4c]
J 15272 c2 java.awt.EventQueue$3.run()Ljava/lang/Object; java.desktop@9.0.4 (5 bytes) @ 0x0000027294481f84 [0x0000027294481e80+0x0000000000000104]
v  ~StubRoutines::call_stub
J 2982  java.security.AccessController.doPrivileged(Ljava/security/PrivilegedAction;Ljava/security/AccessControlContext;)Ljava/lang/Object; java.base@9.0.4 (0 bytes) @ 0x0000027293849d46 [0x0000027293849ce0+0x0000000000000066]
J 13339 c2 ui.frmwork.b.d.dispatchEvent(Ljava/awt/AWTEvent;)V (34 bytes) @ 0x00000272939b098c [0x00000272939b0420+0x000000000000056c]
J 23952 c2 java.awt.EventDispatchThread.pumpOneEventForFilters(I)V java.desktop@9.0.4 (218 bytes) @ 0x0000027294d9eae0 [0x0000027294d9e700+0x00000000000003e0]
J 18870% c2 java.awt.EventDispatchThread.pumpEventsForFilter(ILjava/awt/Conditional;Ljava/awt/EventFilter;)V java.desktop@9.0.4 (47 bytes) @ 0x000002729387fad8 [0x000002729387f9c0+0x0000000000000118]
j  java.awt.EventDispatchThread.pumpEventsForHierarchy(ILjava/awt/Conditional;Ljava/awt/Component;)V+11 java.desktop@9.0.4
j  java.awt.EventDispatchThread.pumpEvents(ILjava/awt/Conditional;)V+4 java.desktop@9.0.4
j  java.awt.EventDispatchThread.pumpEvents(Ljava/awt/Conditional;)V+3 java.desktop@9.0.4
j  java.awt.EventDispatchThread.run()V+9 java.desktop@9.0.4
v  ~StubRoutines::call_stub

siginfo: EXCEPTION_ACCESS_VIOLATION (0xc0000005), reading address 0xffffffffffffffff


Register to memory mapping:

RIP=0x00007ff9c8401846 librdi_filemgmt.dll
RAX=0x000000000000000f is an unknown value
RBX=0x00000272af228498 is an unknown value
RCX=0x000000f112ffd398 is pointing into the stack for thread: 0x00000272a5767000
RDX=0x88006df93a42582d is an unknown value
RSP=0x000000f112ffd350 is pointing into the stack for thread: 0x00000272a5767000
RBP=0x000000f112ffd5f0 is pointing into the stack for thread: 0x00000272a5767000
RSI=0x0000000000000000 is an unknown value
RDI=0x00000272a57086f0 is an unknown value
R8 =0x00000272f66efc00 is an unknown value
R9 =0x0000000000008000 is an unknown value
R10=0x000002731560f260 is an unknown value
R11=0x000000f112ffb280 is pointing into the stack for thread: 0x00000272a5767000
R12=0x0000027284d39420 is an unknown value
R13=0x0000000000000000 is an unknown value
R14=0x0000000000000000 is an unknown value
R15=0x000000f112ffd6c8 is pointing into the stack for thread: 0x00000272a5767000


Registers:
RAX=0x000000000000000f, RBX=0x00000272af228498, RCX=0x000000f112ffd398, RDX=0x88006df93a42582d
RSP=0x000000f112ffd350, RBP=0x000000f112ffd5f0, RSI=0x0000000000000000, RDI=0x00000272a57086f0
R8 =0x00000272f66efc00, R9 =0x0000000000008000, R10=0x000002731560f260, R11=0x000000f112ffb280
R12=0x0000027284d39420, R13=0x0000000000000000, R14=0x0000000000000000, R15=0x000000f112ffd6c8
RIP=0x00007ff9c8401846, EFLAGS=0x0000000000010287

Top of Stack: (sp=0x000000f112ffd350)
0x000000f112ffd350:   00000272af228490 0000000000000000
0x000000f112ffd360:   00000272af228490 00007ff9d01f9754
0x000000f112ffd370:   fffffffffffffffe 0000027310732a00
0x000000f112ffd380:   0000000000000000 0000000000000000
0x000000f112ffd390:   000000000000000f 0000027310732a00
0x000000f112ffd3a0:   00000272b1211694 0000000000000000
0x000000f112ffd3b0:   000000000000000f 00008b3134f47e6b
0x000000f112ffd3c0:   0000000000000062 0000027284d39420
0x000000f112ffd3d0:   000000f112ffd5f0 00007ff9c8400441
0x000000f112ffd3e0:   00000272a9ccac00 00007ff9c8586a18
0x000000f112ffd3f0:   00000272a57086f0 000000f112ffd4e0
0x000000f112ffd400:   000000f112ffd5f0 0000027284be4b10
0x000000f112ffd410:   fffffffffffffffe 00000272fcfbc8d0
0x000000f112ffd420:   0000000000000000 0000027284d39420
0x000000f112ffd430:   0000027284d39420 0000000000000000
0x000000f112ffd440:   000000f112ffd700 00007ffa3a499686 

Instructions: (pc=0x00007ff9c8401846)
0x00007ff9c8401826:   66 66 0f 1f 84 00 00 00 00 00 48 8b 13 48 c7 44
0x00007ff9c8401836:   24 40 0f 00 00 00 4c 89 74 24 38 c6 44 24 28 00
0x00007ff9c8401846:   80 3a 00 75 05 4d 8b c6 eb 0e 49 83 c8 ff 49 ff
0x00007ff9c8401856:   c0 42 80 3c 02 00 75 f6 48 8d 4c 24 28 e8 d8 3a 



---------------  P R O C E S S  ---------------

Java Threads: ( => current thread )
  0x00000272b25ab000 JavaThread "Code Inspector" [_thread_in_native, id=11976, stack(0x000000f118d00000,0x000000f119200000)]
  0x00000272ae0cd000 JavaThread "Thread-43507" [_thread_in_native, id=11880, stack(0x000000f114100000,0x000000f114200000)]
  0x00000272ae0cd800 JavaThread "Swing-Shell" daemon [_thread_blocked, id=16788, stack(0x000000f116000000,0x000000f116500000)]
  0x00000272b259f000 JavaThread "SyntheticaAnimation 50" daemon [_thread_blocked, id=2436, stack(0x000000f118800000,0x000000f118d00000)]
  0x00000272b25a2800 JavaThread "Monitor File Timestamp Swing Worker" [_thread_blocked, id=10792, stack(0x000000f118300000,0x000000f118800000)]
  0x00000272b259f800 JavaThread "Timer-5" [_thread_blocked, id=8428, stack(0x000000f117e00000,0x000000f118300000)]
  0x00000272b25a6800 JavaThread "Image Animator 0" daemon [_thread_blocked, id=4604, stack(0x000000f119700000,0x000000f119c00000)]
  0x00000272ae0cc000 JavaThread "Monitor File Timestamp Swing Worker" [_thread_blocked, id=17728, stack(0x000000f116a00000,0x000000f116f00000)]
  0x0000027281db6000 JavaThread "Timer-0" [_thread_blocked, id=3192, stack(0x000000f116500000,0x000000f116a00000)]
  0x00000272ae0d0000 JavaThread "SyntheticaAnimation 50" daemon [_thread_blocked, id=18104, stack(0x000000f111c00000,0x000000f112100000)]
  0x00000272ae0cb800 JavaThread "hw_ila_monitor" [_thread_blocked, id=7964, stack(0x000000f115b00000,0x000000f116000000)]
  0x00000272ae0c4000 JavaThread "Update Runs Swing Worker" [_thread_blocked, id=15460, stack(0x000000f113500000,0x000000f113a00000)]
  0x00000272ae0c7800 JavaThread "Refresh Filesets Swing Worker" [_thread_blocked, id=2340, stack(0x000000f113000000,0x000000f113500000)]
  0x0000027281db2800 JavaThread "SyntheticaAnimation 70" daemon [_thread_blocked, id=4524, stack(0x000000f115600000,0x000000f115b00000)]
  0x0000027281db1800 JavaThread "SyntheticaAnimation 25" daemon [_thread_blocked, id=12120, stack(0x000000f114c00000,0x000000f115100000)]
  0x0000027281daf800 JavaThread "SyntheticaAnimation 50" daemon [_thread_blocked, id=17208, stack(0x000000f114700000,0x000000f114c00000)]
  0x0000027281db5800 JavaThread "Monitor HEventQueue" [_thread_blocked, id=6860, stack(0x000000f114200000,0x000000f114700000)]
  0x0000027281db0000 JavaThread "Batik CleanerThread" daemon [_thread_blocked, id=12744, stack(0x000000f113a00000,0x000000f113f00000)]
  0x0000027281db4800 JavaThread "SyntheticaCleanerThread" daemon [_thread_blocked, id=11480, stack(0x000000f112100000,0x000000f112600000)]
=>0x00000272a5767000 JavaThread "AWT-EventQueue-1" [_thread_in_native, id=12176, stack(0x000000f112b00000,0x000000f113000000)]
  0x00000272a5766000 JavaThread "Process Messages" [_thread_blocked, id=17468, stack(0x000000f112600000,0x000000f112b00000)]
  0x00000272a5059800 JavaThread "Thread-1" [_thread_in_native, id=472, stack(0x000000f10b400000,0x000000f10c800000)]
  0x00000272a6aed000 JavaThread "TimerQueue" daemon [_thread_blocked, id=5532, stack(0x000000f111700000,0x000000f111c00000)]
  0x00000272a50c0800 JavaThread "AWT-Windows" daemon [_thread_in_native, id=19268, stack(0x000000f111200000,0x000000f111700000)]
  0x00000272a5246800 JavaThread "AWT-Shutdown" [_thread_blocked, id=14276, stack(0x000000f110d00000,0x000000f111200000)]
  0x00000272a52b5800 JavaThread "Java2D Disposer" daemon [_thread_blocked, id=1932, stack(0x000000f110800000,0x000000f110d00000)]
  0x0000027281f04800 JavaThread "Service Thread" daemon [_thread_blocked, id=13096, stack(0x000000f110200000,0x000000f110700000)]
  0x0000027281e12000 JavaThread "Common-Cleaner" daemon [_thread_blocked, id=17188, stack(0x000000f10fd00000,0x000000f110200000)]
  0x0000027281db4000 JavaThread "Sweeper thread" daemon [_thread_blocked, id=12992, stack(0x000000f10f800000,0x000000f10fd00000)]
  0x0000027280383000 JavaThread "C1 CompilerThread3" daemon [_thread_blocked, id=18316, stack(0x000000f10f700000,0x000000f10f800000)]
  0x00000272841b9000 JavaThread "C2 CompilerThread2" daemon [_thread_blocked, id=18400, stack(0x000000f10f600000,0x000000f10f700000)]
  0x00000272841b8800 JavaThread "C2 CompilerThread1" daemon [_thread_blocked, id=7868, stack(0x000000f10f500000,0x000000f10f600000)]
  0x00000272fbcb2000 JavaThread "C2 CompilerThread0" daemon [_thread_blocked, id=18460, stack(0x000000f10f400000,0x000000f10f500000)]
  0x00000272fbcb1800 JavaThread "Attach Listener" daemon [_thread_blocked, id=3868, stack(0x000000f10ef00000,0x000000f10f400000)]
  0x00000272845a1800 JavaThread "Signal Dispatcher" daemon [_thread_blocked, id=10624, stack(0x000000f10ea00000,0x000000f10ef00000)]
  0x00000272840f9000 JavaThread "Finalizer" daemon [_thread_blocked, id=8828, stack(0x000000f10e500000,0x000000f10ea00000)]
  0x00000272840f8800 JavaThread "Reference Handler" daemon [_thread_blocked, id=7356, stack(0x000000f10e000000,0x000000f10e500000)]
  0x000002728422e000 JavaThread "main" [_thread_blocked, id=12544, stack(0x000000f10ca00000,0x000000f10cb00000)]

Other Threads:
  0x0000027285095000 VMThread "VM Thread" [stack: 0x000000f10df00000,0x000000f10e000000] [id=12020]
  0x0000027280cec800 WatcherThread [stack: 0x000000f110700000,0x000000f110800000] [id=7360]
  0x00000272800af800 GCTaskThread "GC Thread#0" [stack: 0x000000f10cb00000,0x000000f10cc00000] [id=15596]
  0x000002728428c800 GCTaskThread "GC Thread#1" [stack: 0x000000f10cc00000,0x000000f10cd00000] [id=484]
  0x000002728428d000 GCTaskThread "GC Thread#2" [stack: 0x000000f10cd00000,0x000000f10ce00000] [id=18648]
  0x00000272fc2be800 GCTaskThread "GC Thread#3" [stack: 0x000000f10ce00000,0x000000f10cf00000] [id=16388]
  0x00000272fc2bf000 GCTaskThread "GC Thread#4" [stack: 0x000000f10cf00000,0x000000f10d000000] [id=17872]
  0x000002728472f800 GCTaskThread "GC Thread#5" [stack: 0x000000f10d000000,0x000000f10d100000] [id=12540]
  0x00000272fc178800 GCTaskThread "GC Thread#6" [stack: 0x000000f10d100000,0x000000f10d200000] [id=19032]
  0x00000272840fe800 GCTaskThread "GC Thread#7" [stack: 0x000000f10d200000,0x000000f10d300000] [id=16220]
  0x00000272809b7800 ConcurrentGCThread "G1 Main Marker" [stack: 0x000000f10dc00000,0x000000f10dd00000] [id=6296]
  0x000002728037a800 ConcurrentGCThread "G1 Marker#0" [stack: 0x000000f10dd00000,0x000000f10de00000] [id=9592]
  0x0000027280020800 ConcurrentGCThread "G1 Marker#1" [stack: 0x000000f10de00000,0x000000f10df00000] [id=15684]
  0x00000272fc3ef800 ConcurrentGCThread "G1 Refine#0" [stack: 0x000000f10da00000,0x000000f10db00000] [id=12872]
  0x00000272809b6800 ConcurrentGCThread "G1 Refine#1" [stack: 0x000000f10d900000,0x000000f10da00000] [id=6416]
  0x00000272fbfd5000 ConcurrentGCThread "G1 Refine#2" [stack: 0x000000f10d800000,0x000000f10d900000] [id=4832]
  0x00000272fbfd4800 ConcurrentGCThread "G1 Refine#3" [stack: 0x000000f10d700000,0x000000f10d800000] [id=8044]
  0x0000027281c40800 ConcurrentGCThread "G1 Refine#4" [stack: 0x000000f10d600000,0x000000f10d700000] [id=3116]
  0x0000027281c3f800 ConcurrentGCThread "G1 Refine#5" [stack: 0x000000f10d500000,0x000000f10d600000] [id=13152]
  0x00000272800ec800 ConcurrentGCThread "G1 Refine#6" [stack: 0x000000f10d400000,0x000000f10d500000] [id=16952]
  0x000002728417d800 ConcurrentGCThread "G1 Refine#7" [stack: 0x000000f10d300000,0x000000f10d400000] [id=10028]
  0x00000272fc3f0000 ConcurrentGCThread "G1 Young RemSet Sampling" [stack: 0x000000f10db00000,0x000000f10dc00000] [id=11064]

Threads with active compile tasks:

VM state:not at safepoint (normal execution)

VM Mutex/Monitor currently owned by a thread: None

Heap address: 0x0000000700000000, size: 3072 MB, Compressed Oops mode: Zero based, Oop shift amount: 3
Narrow klass base: 0x0000000000000000, Narrow klass shift: 3
Compressed class space size: 1073741824 Address: 0x00000007c0000000

Heap:
 garbage-first heap   total 248832K, used 111069K [0x0000000700000000, 0x0000000700100798, 0x00000007c0000000)
  region size 1024K, 35 young (35840K), 2 survivors (2048K)
 Metaspace       used 86990K, capacity 89068K, committed 95792K, reserved 1132544K
  class space    used 11251K, capacity 11680K, committed 13104K, reserved 1048576K
Heap Regions: E=young(eden), S=young(survivor), O=old, HS=humongous(starts), HC=humongous(continues), CS=collection set, F=free, A=archive, TS=gc time stamp, AC=allocation context, TAMS=top-at-mark-start (previous, next)
|   0|0x0000000700000000, 0x0000000700100000, 0x0000000700100000|100%|HS|  |TS  0|AC  0|TAMS 0x0000000700000000, 0x0000000700000000|
|   1|0x0000000700100000, 0x0000000700200000, 0x0000000700200000|100%|HS|  |TS  0|AC  0|TAMS 0x0000000700100000, 0x0000000700100000|
|   2|0x0000000700200000, 0x0000000700300000, 0x0000000700300000|100%|HC|  |TS  0|AC  0|TAMS 0x0000000700200000, 0x0000000700200000|
|   3|0x0000000700300000, 0x0000000700400000, 0x0000000700400000|100%|HS|  |TS  0|AC  0|TAMS 0x0000000700300000, 0x0000000700300000|
|   4|0x0000000700400000, 0x00000007004fffc0, 0x0000000700500000| 99%| O|  |TS  0|AC  0|TAMS 0x0000000700400000, 0x0000000700400000|
|   5|0x0000000700500000, 0x0000000700600000, 0x0000000700600000|100%| O|  |TS  0|AC  0|TAMS 0x0000000700500000, 0x0000000700500000|
|   6|0x0000000700600000, 0x00000007006ffff8, 0x0000000700700000| 99%| O|  |TS  0|AC  0|TAMS 0x0000000700600000, 0x0000000700600000|
|   7|0x0000000700700000, 0x00000007007fff90, 0x0000000700800000| 99%| O|  |TS  0|AC  0|TAMS 0x0000000700700000, 0x0000000700700000|
|   8|0x0000000700800000, 0x00000007008fff90, 0x0000000700900000| 99%| O|  |TS  0|AC  0|TAMS 0x0000000700800000, 0x0000000700800000|
|   9|0x0000000700900000, 0x00000007009fd740, 0x0000000700a00000| 99%| O|  |TS  0|AC  0|TAMS 0x0000000700900000, 0x0000000700900000|
|  10|0x0000000700a00000, 0x0000000700afe970, 0x0000000700b00000| 99%| O|  |TS  0|AC  0|TAMS 0x0000000700a00000, 0x0000000700a00000|
|  11|0x0000000700b00000, 0x0000000700bdc308, 0x0000000700c00000| 86%| O|  |TS  0|AC  0|TAMS 0x0000000700b00000, 0x0000000700b00000|
|  12|0x0000000700c00000, 0x0000000700cffff8, 0x0000000700d00000| 99%| O|  |TS  0|AC  0|TAMS 0x0000000700c00000, 0x0000000700c00000|
|  13|0x0000000700d00000, 0x0000000700dfffe0, 0x0000000700e00000| 99%| O|  |TS  0|AC  0|TAMS 0x0000000700d00000, 0x0000000700d00000|
|  14|0x0000000700e00000, 0x0000000700effff0, 0x0000000700f00000| 99%| O|  |TS  0|AC  0|TAMS 0x0000000700e00000, 0x0000000700e00000|
|  15|0x0000000700f00000, 0x0000000700fff7f0, 0x0000000701000000| 99%| O|  |TS  0|AC  0|TAMS 0x0000000700f00000, 0x0000000700f00000|
|  16|0x0000000701000000, 0x0000000701100000, 0x0000000701100000|100%| O|  |TS  0|AC  0|TAMS 0x0000000701000000, 0x0000000701000000|
|  17|0x0000000701100000, 0x0000000701200000, 0x0000000701200000|100%| O|  |TS  0|AC  0|TAMS 0x0000000701100000, 0x0000000701100000|
|  18|0x0000000701200000, 0x0000000701300000, 0x0000000701300000|100%| O|  |TS  0|AC  0|TAMS 0x0000000701200000, 0x0000000701200000|
|  19|0x0000000701300000, 0x00000007013ffff0, 0x0000000701400000| 99%| O|  |TS  0|AC  0|TAMS 0x0000000701300000, 0x0000000701300000|
|  20|0x0000000701400000, 0x00000007014fffd8, 0x0000000701500000| 99%| O|  |TS  0|AC  0|TAMS 0x0000000701400000, 0x0000000701400000|
|  21|0x0000000701500000, 0x00000007015ffff8, 0x0000000701600000| 99%| O|  |TS  0|AC  0|TAMS 0x0000000701500000, 0x0000000701500000|
|  22|0x0000000701600000, 0x00000007016ffe58, 0x0000000701700000| 99%| O|  |TS  0|AC  0|TAMS 0x0000000701600000, 0x0000000701600000|
|  23|0x0000000701700000, 0x00000007017ffff8, 0x0000000701800000| 99%| O|  |TS  0|AC  0|TAMS 0x0000000701700000, 0x0000000701700000|
|  24|0x0000000701800000, 0x00000007018fee38, 0x0000000701900000| 99%| O|  |TS  0|AC  0|TAMS 0x0000000701800000, 0x0000000701800000|
|  25|0x0000000701900000, 0x00000007019fffc8, 0x0000000701a00000| 99%| O|  |TS  0|AC  0|TAMS 0x0000000701900000, 0x0000000701900000|
|  26|0x0000000701a00000, 0x0000000701affff0, 0x0000000701b00000| 99%| O|  |TS  0|AC  0|TAMS 0x0000000701a00000, 0x0000000701a00000|
|  27|0x0000000701b00000, 0x0000000701bfffe8, 0x0000000701c00000| 99%| O|  |TS  0|AC  0|TAMS 0x0000000701b00000, 0x0000000701b00000|
|  28|0x0000000701c00000, 0x0000000701cffff8, 0x0000000701d00000| 99%| O|  |TS  0|AC  0|TAMS 0x0000000701c00000, 0x0000000701c00000|
|  29|0x0000000701d00000, 0x0000000701dfefd8, 0x0000000701e00000| 99%| O|  |TS  0|AC  0|TAMS 0x0000000701d00000, 0x0000000701d00000|
|  30|0x0000000701e00000, 0x0000000701effff8, 0x0000000701f00000| 99%| O|  |TS  0|AC  0|TAMS 0x0000000701e00000, 0x0000000701e00000|
|  31|0x0000000701f00000, 0x0000000702000000, 0x0000000702000000|100%| O|  |TS  0|AC  0|TAMS 0x0000000701f00000, 0x0000000701f00000|
|  32|0x0000000702000000, 0x00000007020ffee8, 0x0000000702100000| 99%| O|  |TS  0|AC  0|TAMS 0x0000000702000000, 0x0000000702000000|
|  33|0x0000000702100000, 0x0000000702200000, 0x0000000702200000|100%| O|  |TS  0|AC  0|TAMS 0x0000000702100000, 0x0000000702100000|
|  34|0x0000000702200000, 0x00000007022ffff8, 0x0000000702300000| 99%| O|  |TS  0|AC  0|TAMS 0x0000000702200000, 0x0000000702200000|
|  35|0x0000000702300000, 0x00000007023fd770, 0x0000000702400000| 99%| O|  |TS  0|AC  0|TAMS 0x0000000702300000, 0x0000000702300000|
|  36|0x0000000702400000, 0x00000007024ffff0, 0x0000000702500000| 99%| O|  |TS  0|AC  0|TAMS 0x0000000702400000, 0x0000000702400000|
|  37|0x0000000702500000, 0x00000007025fffd8, 0x0000000702600000| 99%| O|  |TS  0|AC  0|TAMS 0x0000000702500000, 0x0000000702500000|
|  38|0x0000000702600000, 0x00000007026fc450, 0x0000000702700000| 98%| O|  |TS  0|AC  0|TAMS 0x0000000702600000, 0x0000000702600000|
|  39|0x0000000702700000, 0x00000007027ffea8, 0x0000000702800000| 99%| O|  |TS  0|AC  0|TAMS 0x0000000702700000, 0x0000000702700000|
|  40|0x0000000702800000, 0x00000007028ffee0, 0x0000000702900000| 99%| O|  |TS  0|AC  0|TAMS 0x0000000702800000, 0x0000000702800000|
|  41|0x0000000702900000, 0x00000007029fffb0, 0x0000000702a00000| 99%| O|  |TS  0|AC  0|TAMS 0x0000000702900000, 0x0000000702900000|
|  42|0x0000000702a00000, 0x0000000702b00000, 0x0000000702b00000|100%| O|  |TS  0|AC  0|TAMS 0x0000000702a00000, 0x0000000702a00000|
|  43|0x0000000702b00000, 0x0000000702bffff0, 0x0000000702c00000| 99%| O|  |TS  0|AC  0|TAMS 0x0000000702b00000, 0x0000000702b00000|
|  44|0x0000000702c00000, 0x0000000702cffff8, 0x0000000702d00000| 99%| O|  |TS  0|AC  0|TAMS 0x0000000702c00000, 0x0000000702c00000|
|  45|0x0000000702d00000, 0x0000000702e00000, 0x0000000702e00000|100%| O|  |TS  0|AC  0|TAMS 0x0000000702d00000, 0x0000000702d00000|
|  46|0x0000000702e00000, 0x0000000702effff8, 0x0000000702f00000| 99%| O|  |TS  0|AC  0|TAMS 0x0000000702e00000, 0x0000000702e00000|
|  47|0x0000000702f00000, 0x0000000702fffff8, 0x0000000703000000| 99%| O|  |TS  0|AC  0|TAMS 0x0000000702f00000, 0x0000000702f00000|
|  48|0x0000000703000000, 0x00000007030fff80, 0x0000000703100000| 99%| O|  |TS  0|AC  0|TAMS 0x0000000703000000, 0x0000000703000000|
|  49|0x0000000703100000, 0x00000007031ffff0, 0x0000000703200000| 99%| O|  |TS  0|AC  0|TAMS 0x0000000703100000, 0x0000000703100000|
|  50|0x0000000703200000, 0x0000000703300000, 0x0000000703300000|100%| O|  |TS  0|AC  0|TAMS 0x0000000703200000, 0x0000000703200000|
|  51|0x0000000703300000, 0x00000007033ffff0, 0x0000000703400000| 99%| O|  |TS  0|AC  0|TAMS 0x0000000703300000, 0x0000000703300000|
|  52|0x0000000703400000, 0x00000007034ffb60, 0x0000000703500000| 99%| O|  |TS  0|AC  0|TAMS 0x0000000703400000, 0x0000000703400000|
|  53|0x0000000703500000, 0x00000007035fee70, 0x0000000703600000| 99%| O|  |TS  0|AC  0|TAMS 0x0000000703500000, 0x0000000703500000|
|  54|0x0000000703600000, 0x00000007036fe2d8, 0x0000000703700000| 99%| O|  |TS  0|AC  0|TAMS 0x0000000703600000, 0x0000000703600000|
|  55|0x0000000703700000, 0x00000007037fffe8, 0x0000000703800000| 99%| O|  |TS  0|AC  0|TAMS 0x0000000703700000, 0x0000000703700000|
|  56|0x0000000703800000, 0x00000007038fffe8, 0x0000000703900000| 99%| O|  |TS  0|AC  0|TAMS 0x0000000703800000, 0x0000000703800000|
|  57|0x0000000703900000, 0x00000007039fffe8, 0x0000000703a00000| 99%| O|  |TS  0|AC  0|TAMS 0x0000000703900000, 0x0000000703900000|
|  58|0x0000000703a00000, 0x0000000703affff0, 0x0000000703b00000| 99%| O|  |TS  0|AC  0|TAMS 0x0000000703a00000, 0x0000000703a00000|
|  59|0x0000000703b00000, 0x0000000703bfffe8, 0x0000000703c00000| 99%| O|  |TS  0|AC  0|TAMS 0x0000000703b00000, 0x0000000703b00000|
|  60|0x0000000703c00000, 0x0000000703ce1000, 0x0000000703d00000| 87%| O|  |TS  0|AC  0|TAMS 0x0000000703c00000, 0x0000000703c00000|
|  61|0x0000000703d00000, 0x0000000703dfffe0, 0x0000000703e00000| 99%| O|  |TS  0|AC  0|TAMS 0x0000000703d00000, 0x0000000703d00000|
|  62|0x0000000703e00000, 0x0000000703efe018, 0x0000000703f00000| 99%| O|  |TS  0|AC  0|TAMS 0x0000000703e00000, 0x0000000703e00000|
|  63|0x0000000703f00000, 0x0000000704000000, 0x0000000704000000|100%| O|  |TS  0|AC  0|TAMS 0x0000000703f00000, 0x0000000703f00000|
|  64|0x0000000704000000, 0x00000007040fffd8, 0x0000000704100000| 99%| O|  |TS  0|AC  0|TAMS 0x0000000704000000, 0x0000000704000000|
|  65|0x0000000704100000, 0x0000000704141b10, 0x0000000704200000| 25%| O|  |TS  0|AC  0|TAMS 0x0000000704100000, 0x0000000704100000|
|  66|0x0000000704200000, 0x0000000704200000, 0x0000000704300000|  0%| F|  |TS  0|AC  0|TAMS 0x0000000704200000, 0x0000000704200000|
|  67|0x0000000704300000, 0x0000000704400000, 0x0000000704400000|100%|HS|  |TS  0|AC  0|TAMS 0x0000000704300000, 0x0000000704300000|
|  68|0x0000000704400000, 0x0000000704500000, 0x0000000704500000|100%|HC|  |TS  0|AC  0|TAMS 0x0000000704400000, 0x0000000704400000|
|  69|0x0000000704500000, 0x0000000704500000, 0x0000000704600000|  0%| F|  |TS  0|AC  0|TAMS 0x0000000704500000, 0x0000000704500000|
|  70|0x0000000704600000, 0x0000000704600000, 0x0000000704700000|  0%| F|  |TS  0|AC  0|TAMS 0x0000000704600000, 0x0000000704600000|
|  71|0x0000000704700000, 0x0000000704700000, 0x0000000704800000|  0%| F|  |TS  0|AC  0|TAMS 0x0000000704700000, 0x0000000704700000|
|  72|0x0000000704800000, 0x0000000704800000, 0x0000000704900000|  0%| F|  |TS  0|AC  0|TAMS 0x0000000704800000, 0x0000000704800000|
|  73|0x0000000704900000, 0x0000000704900000, 0x0000000704a00000|  0%| F|  |TS  0|AC  0|TAMS 0x0000000704900000, 0x0000000704900000|
|  74|0x0000000704a00000, 0x0000000704a00000, 0x0000000704b00000|  0%| F|  |TS  0|AC  0|TAMS 0x0000000704a00000, 0x0000000704a00000|
|  75|0x0000000704b00000, 0x0000000704c00000, 0x0000000704c00000|100%|HS|  |TS  0|AC  0|TAMS 0x0000000704b00000, 0x0000000704b00000|
|  76|0x0000000704c00000, 0x0000000704d00000, 0x0000000704d00000|100%|HC|  |TS  0|AC  0|TAMS 0x0000000704c00000, 0x0000000704c00000|
|  77|0x0000000704d00000, 0x0000000704e00000, 0x0000000704e00000|100%|HC|  |TS  0|AC  0|TAMS 0x0000000704d00000, 0x0000000704d00000|
|  78|0x0000000704e00000, 0x0000000704f00000, 0x0000000704f00000|100%|HC|  |TS  0|AC  0|TAMS 0x0000000704e00000, 0x0000000704e00000|
|  79|0x0000000704f00000, 0x0000000705000000, 0x0000000705000000|100%|HC|  |TS  0|AC  0|TAMS 0x0000000704f00000, 0x0000000704f00000|
|  80|0x0000000705000000, 0x0000000705100000, 0x0000000705100000|100%|HC|  |TS  0|AC  0|TAMS 0x0000000705000000, 0x0000000705000000|
|  81|0x0000000705100000, 0x0000000705200000, 0x0000000705200000|100%|HC|  |TS  0|AC  0|TAMS 0x0000000705100000, 0x0000000705100000|
|  82|0x0000000705200000, 0x0000000705300000, 0x0000000705300000|100%|HC|  |TS  0|AC  0|TAMS 0x0000000705200000, 0x0000000705200000|
|  83|0x0000000705300000, 0x0000000705300000, 0x0000000705400000|  0%| F|  |TS  0|AC  0|TAMS 0x0000000705300000, 0x0000000705300000|
|  84|0x0000000705400000, 0x0000000705400000, 0x0000000705500000|  0%| F|  |TS  0|AC  0|TAMS 0x0000000705400000, 0x0000000705400000|
|  85|0x0000000705500000, 0x0000000705500000, 0x0000000705600000|  0%| F|  |TS  0|AC  0|TAMS 0x0000000705500000, 0x0000000705500000|
|  86|0x0000000705600000, 0x0000000705600000, 0x0000000705700000|  0%| F|  |TS  0|AC  0|TAMS 0x0000000705600000, 0x0000000705600000|
|  87|0x0000000705700000, 0x0000000705700000, 0x0000000705800000|  0%| F|  |TS  0|AC  0|TAMS 0x0000000705700000, 0x0000000705700000|
|  88|0x0000000705800000, 0x0000000705800000, 0x0000000705900000|  0%| F|  |TS  0|AC  0|TAMS 0x0000000705800000, 0x0000000705800000|
|  89|0x0000000705900000, 0x0000000705900000, 0x0000000705a00000|  0%| F|  |TS  0|AC  0|TAMS 0x0000000705900000, 0x0000000705900000|
|  90|0x0000000705a00000, 0x0000000705a00000, 0x0000000705b00000|  0%| F|  |TS  0|AC  0|TAMS 0x0000000705a00000, 0x0000000705a00000|
|  91|0x0000000705b00000, 0x0000000705b00000, 0x0000000705c00000|  0%| F|  |TS  0|AC  0|TAMS 0x0000000705b00000, 0x0000000705b00000|
|  92|0x0000000705c00000, 0x0000000705c00000, 0x0000000705d00000|  0%| F|  |TS  0|AC  0|TAMS 0x0000000705c00000, 0x0000000705c00000|
|  93|0x0000000705d00000, 0x0000000705d00000, 0x0000000705e00000|  0%| F|  |TS  0|AC  0|TAMS 0x0000000705d00000, 0x0000000705d00000|
|  94|0x0000000705e00000, 0x0000000705e00000, 0x0000000705f00000|  0%| F|  |TS  0|AC  0|TAMS 0x0000000705e00000, 0x0000000705e00000|
|  95|0x0000000705f00000, 0x0000000705f00000, 0x0000000706000000|  0%| F|  |TS  0|AC  0|TAMS 0x0000000705f00000, 0x0000000705f00000|
|  96|0x0000000706000000, 0x0000000706000000, 0x0000000706100000|  0%| F|  |TS  0|AC  0|TAMS 0x0000000706000000, 0x0000000706000000|
|  97|0x0000000706100000, 0x0000000706100000, 0x0000000706200000|  0%| F|  |TS  0|AC  0|TAMS 0x0000000706100000, 0x0000000706100000|
|  98|0x0000000706200000, 0x0000000706200000, 0x0000000706300000|  0%| F|  |TS  0|AC  0|TAMS 0x0000000706200000, 0x0000000706200000|
|  99|0x0000000706300000, 0x0000000706300000, 0x0000000706400000|  0%| F|  |TS  0|AC  0|TAMS 0x0000000706300000, 0x0000000706300000|
| 100|0x0000000706400000, 0x0000000706400000, 0x0000000706500000|  0%| F|  |TS  0|AC  0|TAMS 0x0000000706400000, 0x0000000706400000|
| 101|0x0000000706500000, 0x0000000706500000, 0x0000000706600000|  0%| F|  |TS  0|AC  0|TAMS 0x0000000706500000, 0x0000000706500000|
| 102|0x0000000706600000, 0x0000000706600000, 0x0000000706700000|  0%| F|  |TS  0|AC  0|TAMS 0x0000000706600000, 0x0000000706600000|
| 103|0x0000000706700000, 0x0000000706700000, 0x0000000706800000|  0%| F|  |TS  0|AC  0|TAMS 0x0000000706700000, 0x0000000706700000|
| 104|0x0000000706800000, 0x0000000706800000, 0x0000000706900000|  0%| F|  |TS  0|AC  0|TAMS 0x0000000706800000, 0x0000000706800000|
| 105|0x0000000706900000, 0x0000000706900000, 0x0000000706a00000|  0%| F|  |TS  0|AC  0|TAMS 0x0000000706900000, 0x0000000706900000|
| 106|0x0000000706a00000, 0x0000000706a00000, 0x0000000706b00000|  0%| F|  |TS  0|AC  0|TAMS 0x0000000706a00000, 0x0000000706a00000|
| 107|0x0000000706b00000, 0x0000000706b00000, 0x0000000706c00000|  0%| F|  |TS  0|AC  0|TAMS 0x0000000706b00000, 0x0000000706b00000|
| 108|0x0000000706c00000, 0x0000000706c00000, 0x0000000706d00000|  0%| F|  |TS  0|AC  0|TAMS 0x0000000706c00000, 0x0000000706c00000|
| 109|0x0000000706d00000, 0x0000000706d00000, 0x0000000706e00000|  0%| F|  |TS  0|AC  0|TAMS 0x0000000706d00000, 0x0000000706d00000|
| 110|0x0000000706e00000, 0x0000000706e00000, 0x0000000706f00000|  0%| F|  |TS  0|AC  0|TAMS 0x0000000706e00000, 0x0000000706e00000|
| 111|0x0000000706f00000, 0x0000000706f00000, 0x0000000707000000|  0%| F|  |TS  0|AC  0|TAMS 0x0000000706f00000, 0x0000000706f00000|
| 112|0x0000000707000000, 0x0000000707000000, 0x0000000707100000|  0%| F|  |TS  0|AC  0|TAMS 0x0000000707000000, 0x0000000707000000|
| 113|0x0000000707100000, 0x0000000707100000, 0x0000000707200000|  0%| F|  |TS  0|AC  0|TAMS 0x0000000707100000, 0x0000000707100000|
| 114|0x0000000707200000, 0x0000000707200000, 0x0000000707300000|  0%| F|  |TS  0|AC  0|TAMS 0x0000000707200000, 0x0000000707200000|
| 115|0x0000000707300000, 0x0000000707300000, 0x0000000707400000|  0%| F|  |TS  0|AC  0|TAMS 0x0000000707300000, 0x0000000707300000|
| 116|0x0000000707400000, 0x0000000707400000, 0x0000000707500000|  0%| F|  |TS  0|AC  0|TAMS 0x0000000707400000, 0x0000000707400000|
| 117|0x0000000707500000, 0x0000000707500000, 0x0000000707600000|  0%| F|  |TS  0|AC  0|TAMS 0x0000000707500000, 0x0000000707500000|
| 118|0x0000000707600000, 0x0000000707600000, 0x0000000707700000|  0%| F|  |TS  0|AC  0|TAMS 0x0000000707600000, 0x0000000707600000|
| 119|0x0000000707700000, 0x0000000707700000, 0x0000000707800000|  0%| F|  |TS  0|AC  0|TAMS 0x0000000707700000, 0x0000000707700000|
| 120|0x0000000707800000, 0x0000000707800000, 0x0000000707900000|  0%| F|  |TS  0|AC  0|TAMS 0x0000000707800000, 0x0000000707800000|
| 121|0x0000000707900000, 0x0000000707900000, 0x0000000707a00000|  0%| F|  |TS  0|AC  0|TAMS 0x0000000707900000, 0x0000000707900000|
| 122|0x0000000707a00000, 0x0000000707a00000, 0x0000000707b00000|  0%| F|  |TS  0|AC  0|TAMS 0x0000000707a00000, 0x0000000707a00000|
| 123|0x0000000707b00000, 0x0000000707b00000, 0x0000000707c00000|  0%| F|  |TS  0|AC  0|TAMS 0x0000000707b00000, 0x0000000707b00000|
| 124|0x0000000707c00000, 0x0000000707c00000, 0x0000000707d00000|  0%| F|  |TS  0|AC  0|TAMS 0x0000000707c00000, 0x0000000707c00000|
| 125|0x0000000707d00000, 0x0000000707d00000, 0x0000000707e00000|  0%| F|  |TS  0|AC  0|TAMS 0x0000000707d00000, 0x0000000707d00000|
| 126|0x0000000707e00000, 0x0000000707e00000, 0x0000000707f00000|  0%| F|  |TS  0|AC  0|TAMS 0x0000000707e00000, 0x0000000707e00000|
| 127|0x0000000707f00000, 0x0000000707f00000, 0x0000000708000000|  0%| F|  |TS  0|AC  0|TAMS 0x0000000707f00000, 0x0000000707f00000|
| 128|0x0000000708000000, 0x0000000708000000, 0x0000000708100000|  0%| F|  |TS  0|AC  0|TAMS 0x0000000708000000, 0x0000000708000000|
| 129|0x0000000708100000, 0x0000000708100000, 0x0000000708200000|  0%| F|  |TS  0|AC  0|TAMS 0x0000000708100000, 0x0000000708100000|
| 130|0x0000000708200000, 0x0000000708200000, 0x0000000708300000|  0%| F|  |TS  0|AC  0|TAMS 0x0000000708200000, 0x0000000708200000|
| 131|0x0000000708300000, 0x0000000708300000, 0x0000000708400000|  0%| F|  |TS  0|AC  0|TAMS 0x0000000708300000, 0x0000000708300000|
| 132|0x0000000708400000, 0x0000000708400000, 0x0000000708500000|  0%| F|  |TS  0|AC  0|TAMS 0x0000000708400000, 0x0000000708400000|
| 133|0x0000000708500000, 0x0000000708500000, 0x0000000708600000|  0%| F|  |TS  0|AC  0|TAMS 0x0000000708500000, 0x0000000708500000|
| 134|0x0000000708600000, 0x0000000708600000, 0x0000000708700000|  0%| F|  |TS  0|AC  0|TAMS 0x0000000708600000, 0x0000000708600000|
| 135|0x0000000708700000, 0x0000000708700000, 0x0000000708800000|  0%| F|  |TS  0|AC  0|TAMS 0x0000000708700000, 0x0000000708700000|
| 136|0x0000000708800000, 0x0000000708800000, 0x0000000708900000|  0%| F|  |TS  0|AC  0|TAMS 0x0000000708800000, 0x0000000708800000|
| 137|0x0000000708900000, 0x0000000708900000, 0x0000000708a00000|  0%| F|  |TS  0|AC  0|TAMS 0x0000000708900000, 0x0000000708900000|
| 138|0x0000000708a00000, 0x0000000708a00000, 0x0000000708b00000|  0%| F|  |TS  0|AC  0|TAMS 0x0000000708a00000, 0x0000000708a00000|
| 139|0x0000000708b00000, 0x0000000708b00000, 0x0000000708c00000|  0%| F|  |TS  0|AC  0|TAMS 0x0000000708b00000, 0x0000000708b00000|
| 140|0x0000000708c00000, 0x0000000708c00000, 0x0000000708d00000|  0%| F|  |TS  0|AC  0|TAMS 0x0000000708c00000, 0x0000000708c00000|
| 141|0x0000000708d00000, 0x0000000708d00000, 0x0000000708e00000|  0%| F|  |TS  0|AC  0|TAMS 0x0000000708d00000, 0x0000000708d00000|
| 142|0x0000000708e00000, 0x0000000708e00000, 0x0000000708f00000|  0%| F|  |TS  0|AC  0|TAMS 0x0000000708e00000, 0x0000000708e00000|
| 143|0x0000000708f00000, 0x0000000708f00000, 0x0000000709000000|  0%| F|  |TS  0|AC  0|TAMS 0x0000000708f00000, 0x0000000708f00000|
| 144|0x0000000709000000, 0x0000000709000000, 0x0000000709100000|  0%| F|  |TS  0|AC  0|TAMS 0x0000000709000000, 0x0000000709000000|
| 145|0x0000000709100000, 0x0000000709100000, 0x0000000709200000|  0%| F|  |TS  0|AC  0|TAMS 0x0000000709100000, 0x0000000709100000|
| 146|0x0000000709200000, 0x0000000709200000, 0x0000000709300000|  0%| F|  |TS  0|AC  0|TAMS 0x0000000709200000, 0x0000000709200000|
| 147|0x0000000709300000, 0x0000000709300000, 0x0000000709400000|  0%| F|  |TS  0|AC  0|TAMS 0x0000000709300000, 0x0000000709300000|
| 148|0x0000000709400000, 0x0000000709400000, 0x0000000709500000|  0%| F|  |TS  0|AC  0|TAMS 0x0000000709400000, 0x0000000709400000|
| 149|0x0000000709500000, 0x0000000709500000, 0x0000000709600000|  0%| F|  |TS  0|AC  0|TAMS 0x0000000709500000, 0x0000000709500000|
| 150|0x0000000709600000, 0x0000000709600000, 0x0000000709700000|  0%| F|  |TS  0|AC  0|TAMS 0x0000000709600000, 0x0000000709600000|
| 151|0x0000000709700000, 0x0000000709700000, 0x0000000709800000|  0%| F|  |TS  0|AC  0|TAMS 0x0000000709700000, 0x0000000709700000|
| 152|0x0000000709800000, 0x0000000709800000, 0x0000000709900000|  0%| F|  |TS  0|AC  0|TAMS 0x0000000709800000, 0x0000000709800000|
| 153|0x0000000709900000, 0x0000000709900000, 0x0000000709a00000|  0%| F|  |TS  0|AC  0|TAMS 0x0000000709900000, 0x0000000709900000|
| 154|0x0000000709a00000, 0x0000000709a00000, 0x0000000709b00000|  0%| F|  |TS  0|AC  0|TAMS 0x0000000709a00000, 0x0000000709a00000|
| 155|0x0000000709b00000, 0x0000000709b00000, 0x0000000709c00000|  0%| F|  |TS  0|AC  0|TAMS 0x0000000709b00000, 0x0000000709b00000|
| 156|0x0000000709c00000, 0x0000000709c00000, 0x0000000709d00000|  0%| F|  |TS  0|AC  0|TAMS 0x0000000709c00000, 0x0000000709c00000|
| 157|0x0000000709d00000, 0x0000000709d00000, 0x0000000709e00000|  0%| F|  |TS  0|AC  0|TAMS 0x0000000709d00000, 0x0000000709d00000|
| 158|0x0000000709e00000, 0x0000000709e00000, 0x0000000709f00000|  0%| F|  |TS  0|AC  0|TAMS 0x0000000709e00000, 0x0000000709e00000|
| 159|0x0000000709f00000, 0x0000000709f00000, 0x000000070a000000|  0%| F|  |TS  0|AC  0|TAMS 0x0000000709f00000, 0x0000000709f00000|
| 160|0x000000070a000000, 0x000000070a000000, 0x000000070a100000|  0%| F|  |TS  0|AC  0|TAMS 0x000000070a000000, 0x000000070a000000|
| 161|0x000000070a100000, 0x000000070a100000, 0x000000070a200000|  0%| F|  |TS  0|AC  0|TAMS 0x000000070a100000, 0x000000070a100000|
| 162|0x000000070a200000, 0x000000070a200000, 0x000000070a300000|  0%| F|  |TS  0|AC  0|TAMS 0x000000070a200000, 0x000000070a200000|
| 163|0x000000070a300000, 0x000000070a300000, 0x000000070a400000|  0%| F|  |TS  0|AC  0|TAMS 0x000000070a300000, 0x000000070a300000|
| 164|0x000000070a400000, 0x000000070a400000, 0x000000070a500000|  0%| F|  |TS  0|AC  0|TAMS 0x000000070a400000, 0x000000070a400000|
| 165|0x000000070a500000, 0x000000070a500000, 0x000000070a600000|  0%| F|  |TS  0|AC  0|TAMS 0x000000070a500000, 0x000000070a500000|
| 166|0x000000070a600000, 0x000000070a600000, 0x000000070a700000|  0%| F|  |TS  0|AC  0|TAMS 0x000000070a600000, 0x000000070a600000|
| 167|0x000000070a700000, 0x000000070a700000, 0x000000070a800000|  0%| F|  |TS  0|AC  0|TAMS 0x000000070a700000, 0x000000070a700000|
| 168|0x000000070a800000, 0x000000070a800000, 0x000000070a900000|  0%| F|  |TS  0|AC  0|TAMS 0x000000070a800000, 0x000000070a800000|
| 169|0x000000070a900000, 0x000000070a900000, 0x000000070aa00000|  0%| F|  |TS  0|AC  0|TAMS 0x000000070a900000, 0x000000070a900000|
| 170|0x000000070aa00000, 0x000000070aa00000, 0x000000070ab00000|  0%| F|  |TS  0|AC  0|TAMS 0x000000070aa00000, 0x000000070aa00000|
| 171|0x000000070ab00000, 0x000000070ab00000, 0x000000070ac00000|  0%| F|  |TS  0|AC  0|TAMS 0x000000070ab00000, 0x000000070ab00000|
| 172|0x000000070ac00000, 0x000000070ac00000, 0x000000070ad00000|  0%| F|  |TS  0|AC  0|TAMS 0x000000070ac00000, 0x000000070ac00000|
| 173|0x000000070ad00000, 0x000000070ad00000, 0x000000070ae00000|  0%| F|  |TS  0|AC  0|TAMS 0x000000070ad00000, 0x000000070ad00000|
| 174|0x000000070ae00000, 0x000000070ae00000, 0x000000070af00000|  0%| F|  |TS  0|AC  0|TAMS 0x000000070ae00000, 0x000000070ae00000|
| 175|0x000000070af00000, 0x000000070af00000, 0x000000070b000000|  0%| F|  |TS  0|AC  0|TAMS 0x000000070af00000, 0x000000070af00000|
| 176|0x000000070b000000, 0x000000070b000000, 0x000000070b100000|  0%| F|  |TS  0|AC  0|TAMS 0x000000070b000000, 0x000000070b000000|
| 177|0x000000070b100000, 0x000000070b100000, 0x000000070b200000|  0%| F|  |TS  0|AC  0|TAMS 0x000000070b100000, 0x000000070b100000|
| 178|0x000000070b200000, 0x000000070b200000, 0x000000070b300000|  0%| F|  |TS  0|AC  0|TAMS 0x000000070b200000, 0x000000070b200000|
| 179|0x000000070b300000, 0x000000070b300000, 0x000000070b400000|  0%| F|  |TS  0|AC  0|TAMS 0x000000070b300000, 0x000000070b300000|
| 180|0x000000070b400000, 0x000000070b400000, 0x000000070b500000|  0%| F|  |TS  0|AC  0|TAMS 0x000000070b400000, 0x000000070b400000|
| 181|0x000000070b500000, 0x000000070b500000, 0x000000070b600000|  0%| F|  |TS 23|AC  0|TAMS 0x000000070b500000, 0x000000070b500000|
| 182|0x000000070b600000, 0x000000070b600000, 0x000000070b700000|  0%| F|  |TS 23|AC  0|TAMS 0x000000070b600000, 0x000000070b600000|
| 183|0x000000070b700000, 0x000000070b78b410, 0x000000070b800000| 54%| S|CS|TS 23|AC  0|TAMS 0x000000070b700000, 0x000000070b700000|
| 184|0x000000070b800000, 0x000000070b900000, 0x000000070b900000|100%| S|CS|TS 23|AC  0|TAMS 0x000000070b800000, 0x000000070b800000|
| 185|0x000000070b900000, 0x000000070b900000, 0x000000070ba00000|  0%| F|  |TS 23|AC  0|TAMS 0x000000070b900000, 0x000000070b900000|
| 186|0x000000070ba00000, 0x000000070ba00000, 0x000000070bb00000|  0%| F|  |TS 23|AC  0|TAMS 0x000000070ba00000, 0x000000070ba00000|
| 187|0x000000070bb00000, 0x000000070bb00000, 0x000000070bc00000|  0%| F|  |TS 23|AC  0|TAMS 0x000000070bb00000, 0x000000070bb00000|
| 188|0x000000070bc00000, 0x000000070bc00000, 0x000000070bd00000|  0%| F|  |TS 23|AC  0|TAMS 0x000000070bc00000, 0x000000070bc00000|
| 189|0x000000070bd00000, 0x000000070bd00000, 0x000000070be00000|  0%| F|  |TS 23|AC  0|TAMS 0x000000070bd00000, 0x000000070bd00000|
| 190|0x000000070be00000, 0x000000070be00000, 0x000000070bf00000|  0%| F|  |TS 23|AC  0|TAMS 0x000000070be00000, 0x000000070be00000|
| 191|0x000000070bf00000, 0x000000070bf00000, 0x000000070c000000|  0%| F|  |TS 23|AC  0|TAMS 0x000000070bf00000, 0x000000070bf00000|
| 192|0x000000070c000000, 0x000000070c000000, 0x000000070c100000|  0%| F|  |TS 23|AC  0|TAMS 0x000000070c000000, 0x000000070c000000|
| 193|0x000000070c100000, 0x000000070c100000, 0x000000070c200000|  0%| F|  |TS 23|AC  0|TAMS 0x000000070c100000, 0x000000070c100000|
| 194|0x000000070c200000, 0x000000070c200000, 0x000000070c300000|  0%| F|  |TS 23|AC  0|TAMS 0x000000070c200000, 0x000000070c200000|
| 195|0x000000070c300000, 0x000000070c300000, 0x000000070c400000|  0%| F|  |TS 23|AC  0|TAMS 0x000000070c300000, 0x000000070c300000|
| 196|0x000000070c400000, 0x000000070c400000, 0x000000070c500000|  0%| F|  |TS 23|AC  0|TAMS 0x000000070c400000, 0x000000070c400000|
| 197|0x000000070c500000, 0x000000070c500000, 0x000000070c600000|  0%| F|  |TS 23|AC  0|TAMS 0x000000070c500000, 0x000000070c500000|
| 198|0x000000070c600000, 0x000000070c600000, 0x000000070c700000|  0%| F|  |TS 23|AC  0|TAMS 0x000000070c600000, 0x000000070c600000|
| 199|0x000000070c700000, 0x000000070c700000, 0x000000070c800000|  0%| F|  |TS 23|AC  0|TAMS 0x000000070c700000, 0x000000070c700000|
| 200|0x000000070c800000, 0x000000070c800000, 0x000000070c900000|  0%| F|  |TS 23|AC  0|TAMS 0x000000070c800000, 0x000000070c800000|
| 201|0x000000070c900000, 0x000000070c900000, 0x000000070ca00000|  0%| F|  |TS 23|AC  0|TAMS 0x000000070c900000, 0x000000070c900000|
| 202|0x000000070ca00000, 0x000000070ca00000, 0x000000070cb00000|  0%| F|  |TS 23|AC  0|TAMS 0x000000070ca00000, 0x000000070ca00000|
| 203|0x000000070cb00000, 0x000000070cb00000, 0x000000070cc00000|  0%| F|  |TS 23|AC  0|TAMS 0x000000070cb00000, 0x000000070cb00000|
| 204|0x000000070cc00000, 0x000000070cc00000, 0x000000070cd00000|  0%| F|  |TS 23|AC  0|TAMS 0x000000070cc00000, 0x000000070cc00000|
| 205|0x000000070cd00000, 0x000000070cd00000, 0x000000070ce00000|  0%| F|  |TS 23|AC  0|TAMS 0x000000070cd00000, 0x000000070cd00000|
| 206|0x000000070ce00000, 0x000000070ce00000, 0x000000070cf00000|  0%| F|  |TS 23|AC  0|TAMS 0x000000070ce00000, 0x000000070ce00000|
| 207|0x000000070cf00000, 0x000000070cf00000, 0x000000070d000000|  0%| F|  |TS 23|AC  0|TAMS 0x000000070cf00000, 0x000000070cf00000|
| 208|0x000000070d000000, 0x000000070d000000, 0x000000070d100000|  0%| F|  |TS 23|AC  0|TAMS 0x000000070d000000, 0x000000070d000000|
| 209|0x000000070d100000, 0x000000070d100000, 0x000000070d200000|  0%| F|  |TS 23|AC  0|TAMS 0x000000070d100000, 0x000000070d100000|
| 210|0x000000070d200000, 0x000000070d25b668, 0x000000070d300000| 35%| E|  |TS 23|AC  0|TAMS 0x000000070d200000, 0x000000070d200000|
| 211|0x000000070d300000, 0x000000070d400000, 0x000000070d400000|100%| E|CS|TS 23|AC  0|TAMS 0x000000070d300000, 0x000000070d300000|
| 212|0x000000070d400000, 0x000000070d500000, 0x000000070d500000|100%| E|CS|TS 23|AC  0|TAMS 0x000000070d400000, 0x000000070d400000|
| 213|0x000000070d500000, 0x000000070d600000, 0x000000070d600000|100%| E|CS|TS 23|AC  0|TAMS 0x000000070d500000, 0x000000070d500000|
| 214|0x000000070d600000, 0x000000070d700000, 0x000000070d700000|100%| E|CS|TS 23|AC  0|TAMS 0x000000070d600000, 0x000000070d600000|
| 215|0x000000070d700000, 0x000000070d800000, 0x000000070d800000|100%| E|CS|TS 23|AC  0|TAMS 0x000000070d700000, 0x000000070d700000|
| 216|0x000000070d800000, 0x000000070d900000, 0x000000070d900000|100%| E|CS|TS 23|AC  0|TAMS 0x000000070d800000, 0x000000070d800000|
| 217|0x000000070d900000, 0x000000070da00000, 0x000000070da00000|100%| E|CS|TS 23|AC  0|TAMS 0x000000070d900000, 0x000000070d900000|
| 218|0x000000070da00000, 0x000000070db00000, 0x000000070db00000|100%| E|CS|TS 23|AC  0|TAMS 0x000000070da00000, 0x000000070da00000|
| 219|0x000000070db00000, 0x000000070dc00000, 0x000000070dc00000|100%| E|CS|TS 23|AC  0|TAMS 0x000000070db00000, 0x000000070db00000|
| 220|0x000000070dc00000, 0x000000070dd00000, 0x000000070dd00000|100%| E|CS|TS 23|AC  0|TAMS 0x000000070dc00000, 0x000000070dc00000|
| 221|0x000000070dd00000, 0x000000070de00000, 0x000000070de00000|100%| E|CS|TS 23|AC  0|TAMS 0x000000070dd00000, 0x000000070dd00000|
| 222|0x000000070de00000, 0x000000070df00000, 0x000000070df00000|100%| E|CS|TS 23|AC  0|TAMS 0x000000070de00000, 0x000000070de00000|
| 223|0x000000070df00000, 0x000000070e000000, 0x000000070e000000|100%| E|CS|TS 23|AC  0|TAMS 0x000000070df00000, 0x000000070df00000|
| 224|0x000000070e000000, 0x000000070e100000, 0x000000070e100000|100%| E|CS|TS 23|AC  0|TAMS 0x000000070e000000, 0x000000070e000000|
| 225|0x000000070e100000, 0x000000070e200000, 0x000000070e200000|100%| E|CS|TS 23|AC  0|TAMS 0x000000070e100000, 0x000000070e100000|
| 226|0x000000070e200000, 0x000000070e300000, 0x000000070e300000|100%| E|CS|TS 23|AC  0|TAMS 0x000000070e200000, 0x000000070e200000|
| 227|0x000000070e300000, 0x000000070e400000, 0x000000070e400000|100%| E|CS|TS 23|AC  0|TAMS 0x000000070e300000, 0x000000070e300000|
| 228|0x000000070e400000, 0x000000070e500000, 0x000000070e500000|100%| E|CS|TS 23|AC  0|TAMS 0x000000070e400000, 0x000000070e400000|
| 229|0x000000070e500000, 0x000000070e600000, 0x000000070e600000|100%| E|CS|TS 23|AC  0|TAMS 0x000000070e500000, 0x000000070e500000|
| 230|0x000000070e600000, 0x000000070e700000, 0x000000070e700000|100%| E|CS|TS 23|AC  0|TAMS 0x000000070e600000, 0x000000070e600000|
| 231|0x000000070e700000, 0x000000070e800000, 0x000000070e800000|100%| E|CS|TS 23|AC  0|TAMS 0x000000070e700000, 0x000000070e700000|
| 232|0x000000070e800000, 0x000000070e900000, 0x000000070e900000|100%| E|CS|TS 23|AC  0|TAMS 0x000000070e800000, 0x000000070e800000|
| 233|0x000000070e900000, 0x000000070ea00000, 0x000000070ea00000|100%| E|CS|TS 23|AC  0|TAMS 0x000000070e900000, 0x000000070e900000|
| 234|0x000000070ea00000, 0x000000070eb00000, 0x000000070eb00000|100%| E|CS|TS 23|AC  0|TAMS 0x000000070ea00000, 0x000000070ea00000|
| 235|0x000000070eb00000, 0x000000070ec00000, 0x000000070ec00000|100%| E|CS|TS 23|AC  0|TAMS 0x000000070eb00000, 0x000000070eb00000|
| 236|0x000000070ec00000, 0x000000070ed00000, 0x000000070ed00000|100%| E|CS|TS 23|AC  0|TAMS 0x000000070ec00000, 0x000000070ec00000|
| 237|0x000000070ed00000, 0x000000070ee00000, 0x000000070ee00000|100%| E|CS|TS 23|AC  0|TAMS 0x000000070ed00000, 0x000000070ed00000|
| 238|0x000000070ee00000, 0x000000070ef00000, 0x000000070ef00000|100%| E|CS|TS 23|AC  0|TAMS 0x000000070ee00000, 0x000000070ee00000|
| 239|0x000000070ef00000, 0x000000070f000000, 0x000000070f000000|100%| E|CS|TS 23|AC  0|TAMS 0x000000070ef00000, 0x000000070ef00000|
| 240|0x000000070f000000, 0x000000070f100000, 0x000000070f100000|100%| E|CS|TS 23|AC  0|TAMS 0x000000070f000000, 0x000000070f000000|
| 241|0x000000070f100000, 0x000000070f200000, 0x000000070f200000|100%| E|CS|TS 23|AC  0|TAMS 0x000000070f100000, 0x000000070f100000|
| 242|0x000000070f200000, 0x000000070f300000, 0x000000070f300000|100%| E|CS|TS 23|AC  0|TAMS 0x000000070f200000, 0x000000070f200000|

Card table byte_map: [0x000002729abe0000,0x000002729b1e0000] byte_map_base: 0x00000272973e0000

Marking Bits (Prev, Next): (CMBitMap*) 0x0000027284b19140, (CMBitMap*) 0x0000027284b19178
 Prev Bits: [0x000002729b7e0000, 0x000002729e7e0000)
 Next Bits: [0x000002729e7e0000, 0x00000272a17e0000)

Polling page: 0x00000272828c0000

CodeHeap 'non-profiled nmethods': size=120000Kb used=29523Kb max_used=29523Kb free=90476Kb
 bounds [0x00000272936b0000, 0x00000272953a0000, 0x000002729abe0000]
CodeHeap 'profiled nmethods': size=120000Kb used=44909Kb max_used=44914Kb free=75090Kb
 bounds [0x000002728c180000, 0x000002728eed0000, 0x00000272936b0000]
CodeHeap 'non-nmethods': size=5760Kb used=1849Kb max_used=1897Kb free=3910Kb
 bounds [0x000002728bbe0000, 0x000002728be50000, 0x000002728c180000]
 total_blobs=42779 nmethods=20054 adapters=1213
 compilation: enabled

Compilation events (10 events):
Event: 64953.131 Thread 0x0000027280383000 28250       3       com.jidesoft.editor.CodeEditor::b (187 bytes)
Event: 64953.132 Thread 0x0000027280383000 nmethod 28250 0x000002728e091410 code [0x000002728e091700, 0x000002728e092d20]
Event: 64955.024 Thread 0x00000272841b9000 28251       4       com.jidesoft.editor.highlight.DefaultHighlighter::paint (210 bytes)
Event: 64955.029 Thread 0x00000272841b9000 nmethod 28251 0x0000027294523410 code [0x00000272945235c0, 0x0000027294523db8]
Event: 64967.710 Thread 0x00000272fbcb2000 28252       4       com.jidesoft.docking.DefaultDockingManager::handleEvent (2844 bytes)
Event: 64967.799 Thread 0x00000272fbcb2000 nmethod 28252 0x0000027295389f90 code [0x000002729538a660, 0x000002729538e078]
Event: 64969.893 Thread 0x00000272841b8800 28253       4       com.jidesoft.editor.CodeEditor$r_::a (408 bytes)
Event: 64969.972 Thread 0x00000272841b8800 nmethod 28253 0x0000027294520190 code [0x00000272945204a0, 0x0000027294521fe0]
Event: 64985.506 Thread 0x00000272fbcb2000 28254  s    4       java.io.FileDescriptor::attach (73 bytes)
Event: 64985.513 Thread 0x00000272fbcb2000 nmethod 28254 0x000002729451fc10 code [0x000002729451fda0, 0x00000272945200b8]

GC Heap History (10 events):
Event: 64851.427 GC heap before
{Heap before GC invocations=3487 (full 39):
 garbage-first heap   total 248832K, used 137527K [0x0000000700000000, 0x0000000700100798, 0x00000007c0000000)
  region size 1024K, 60 young (61440K), 2 survivors (2048K)
 Metaspace       used 86987K, capacity 89062K, committed 95792K, reserved 1132544K
  class space    used 11250K, capacity 11679K, committed 13104K, reserved 1048576K
}
Event: 64851.433 GC heap after
{Heap after GC invocations=3488 (full 39):
 garbage-first heap   total 248832K, used 78032K [0x0000000700000000, 0x0000000700100798, 0x00000007c0000000)
  region size 1024K, 2 young (2048K), 2 survivors (2048K)
 Metaspace       used 86987K, capacity 89062K, committed 95792K, reserved 1132544K
  class space    used 11250K, capacity 11679K, committed 13104K, reserved 1048576K
}
Event: 64874.598 GC heap before
{Heap before GC invocations=3488 (full 39):
 garbage-first heap   total 248832K, used 137424K [0x0000000700000000, 0x0000000700100798, 0x00000007c0000000)
  region size 1024K, 60 young (61440K), 2 survivors (2048K)
 Metaspace       used 86987K, capacity 89062K, committed 95792K, reserved 1132544K
  class space    used 11250K, capacity 11679K, committed 13104K, reserved 1048576K
}
Event: 64874.605 GC heap after
{Heap after GC invocations=3489 (full 39):
 garbage-first heap   total 248832K, used 78072K [0x0000000700000000, 0x0000000700100798, 0x00000007c0000000)
  region size 1024K, 2 young (2048K), 2 survivors (2048K)
 Metaspace       used 86987K, capacity 89062K, committed 95792K, reserved 1132544K
  class space    used 11250K, capacity 11679K, committed 13104K, reserved 1048576K
}
Event: 64935.561 GC heap before
{Heap before GC invocations=3489 (full 39):
 garbage-first heap   total 248832K, used 137464K [0x0000000700000000, 0x0000000700100798, 0x00000007c0000000)
  region size 1024K, 60 young (61440K), 2 survivors (2048K)
 Metaspace       used 86987K, capacity 89062K, committed 95792K, reserved 1132544K
  class space    used 11250K, capacity 11679K, committed 13104K, reserved 1048576K
}
Event: 64935.565 GC heap after
{Heap after GC invocations=3490 (full 39):
 garbage-first heap   total 248832K, used 78228K [0x0000000700000000, 0x0000000700100798, 0x00000007c0000000)
  region size 1024K, 2 young (2048K), 2 survivors (2048K)
 Metaspace       used 86987K, capacity 89062K, committed 95792K, reserved 1132544K
  class space    used 11250K, capacity 11679K, committed 13104K, reserved 1048576K
}
Event: 64954.086 GC heap before
{Heap before GC invocations=3490 (full 39):
 garbage-first heap   total 248832K, used 137620K [0x0000000700000000, 0x0000000700100798, 0x00000007c0000000)
  region size 1024K, 60 young (61440K), 2 survivors (2048K)
 Metaspace       used 86987K, capacity 89062K, committed 95792K, reserved 1132544K
  class space    used 11250K, capacity 11679K, committed 13104K, reserved 1048576K
}
Event: 64954.090 GC heap after
{Heap after GC invocations=3491 (full 39):
 garbage-first heap   total 248832K, used 78210K [0x0000000700000000, 0x0000000700100798, 0x00000007c0000000)
  region size 1024K, 2 young (2048K), 2 survivors (2048K)
 Metaspace       used 86987K, capacity 89062K, committed 95792K, reserved 1132544K
  class space    used 11250K, capacity 11679K, committed 13104K, reserved 1048576K
}
Event: 64969.922 GC heap before
{Heap before GC invocations=3491 (full 39):
 garbage-first heap   total 248832K, used 137602K [0x0000000700000000, 0x0000000700100798, 0x00000007c0000000)
  region size 1024K, 60 young (61440K), 2 survivors (2048K)
 Metaspace       used 86990K, capacity 89068K, committed 95792K, reserved 1132544K
  class space    used 11251K, capacity 11680K, committed 13104K, reserved 1048576K
}
Event: 64969.928 GC heap after
{Heap after GC invocations=3492 (full 39):
 garbage-first heap   total 248832K, used 78301K [0x0000000700000000, 0x0000000700100798, 0x00000007c0000000)
  region size 1024K, 2 young (2048K), 2 survivors (2048K)
 Metaspace       used 86990K, capacity 89068K, committed 95792K, reserved 1132544K
  class space    used 11251K, capacity 11680K, committed 13104K, reserved 1048576K
}

Deoptimization events (10 events):
Event: 64762.029 Thread 0x00000272a5767000 Uncommon trap: reason=unstable_if action=reinterpret pc=0x000002729434ed3c method=com.jidesoft.editor.folding.DefaultFoldingModel$b_.getOutermostSpanAtViewPosition(Lcom/jidesoft/editor/caret/CaretPosition;)Lcom/jidesoft/editor/folding/FoldingSpan; @ 9 c2
Event: 64762.029 Thread 0x00000272a5767000 Uncommon trap: reason=unstable_if action=reinterpret pc=0x0000027294ff359c method=com.jidesoft.editor.folding.DefaultFoldingModel$b_.getOutermostSpanAtViewPosition(Lcom/jidesoft/editor/caret/CaretPosition;)Lcom/jidesoft/editor/folding/FoldingSpan; @ 9 c2
Event: 64762.029 Thread 0x00000272a5767000 Uncommon trap: reason=unstable_if action=reinterpret pc=0x00000272942bda3c method=com.jidesoft.editor.folding.DefaultFoldingModel$b_.getOutermostSpanAtViewPosition(Lcom/jidesoft/editor/caret/CaretPosition;)Lcom/jidesoft/editor/folding/FoldingSpan; @ 9 c2
Event: 64762.057 Thread 0x00000272a5767000 Uncommon trap: reason=unstable_if action=reinterpret pc=0x0000027295343c84 method=java.awt.Toolkit.deProxyAWTEventListener(Ljava/awt/event/AWTEventListener;)Ljava/awt/event/AWTEventListener; @ 3 c2
Event: 64762.063 Thread 0x00000272a5767000 Uncommon trap: reason=unstable_if action=reinterpret pc=0x0000027294f9c378 method=com.jidesoft.editor.folding.DefaultFoldingModel$b_.getOutermostSpanAtViewPosition(Lcom/jidesoft/editor/caret/CaretPosition;)Lcom/jidesoft/editor/folding/FoldingSpan; @ 9 c2
Event: 64771.826 Thread 0x00000272a5767000 Uncommon trap: reason=unstable_if action=reinterpret pc=0x00000272941537bc method=java.awt.Container.locate(II)Ljava/awt/Component; @ 81 c2
Event: 64771.826 Thread 0x00000272a5767000 Uncommon trap: reason=unstable_if action=reinterpret pc=0x00000272950245b4 method=com.jidesoft.editor.CodeEditor$r_.a()V @ 358 c2
Event: 64771.827 Thread 0x00000272a5767000 Uncommon trap: reason=unstable_if action=reinterpret pc=0x0000027294e3de94 method=com.jidesoft.editor.CodeEditor.b(Z)Z @ 19 c2
Event: 64772.417 Thread 0x00000272a5767000 Uncommon trap: reason=unstable_if action=reinterpret pc=0x0000027293a48214 method=java.io.BufferedReader.readLine(Z)Ljava/lang/String; @ 160 c2
Event: 64772.418 Thread 0x00000272a5767000 Uncommon trap: reason=unstable_if action=reinterpret pc=0x0000027293b45ea8 method=java.io.BufferedReader.readLine(Z)Ljava/lang/String; @ 160 c2

Classes redefined (0 events):
No events

Internal exceptions (10 events):
Event: 64762.007 Thread 0x00000272a5767000 Implicit null exception at 0x0000027294bdb564 to 0x0000027294bdb5e5
Event: 64762.029 Thread 0x00000272a5767000 Implicit null exception at 0x00000272939658e1 to 0x0000027293965955
Event: 64762.029 Thread 0x00000272a5767000 Implicit null exception at 0x000002729434dd94 to 0x000002729434ed1d
Event: 64762.029 Thread 0x00000272a5767000 Implicit null exception at 0x0000027294fec4d2 to 0x0000027294ff356d
Event: 64762.029 Thread 0x00000272a5767000 Implicit null exception at 0x00000272942bd6f4 to 0x00000272942bda09
Event: 64762.057 Thread 0x00000272a5767000 Implicit null exception at 0x0000027295343037 to 0x0000027295343c6d
Event: 64762.063 Thread 0x00000272a5767000 Implicit null exception at 0x0000027294f9b160 to 0x0000027294f9c359
Event: 64771.826 Thread 0x00000272a5767000 Implicit null exception at 0x00000272941533de to 0x0000027294153781
Event: 64773.254 Thread 0x00000272b25ab000 Exception <a 'java/lang/InterruptedException'{0x000000070ba45448}: sleep interrupted> (0x000000070ba45448) thrown at [t:/workspace/hotspot/src/share/vm/prims/jvm.cpp, line 3023]
Event: 64778.500 Thread 0x00000272b25ab000 Exception <a 'java/lang/InterruptedException'{0x000000070f102c30}: sleep interrupted> (0x000000070f102c30) thrown at [t:/workspace/hotspot/src/share/vm/prims/jvm.cpp, line 2984]

Events (10 events):
Event: 64984.493 Thread 0x00000272b25a9800 Thread added: 0x00000272b25a9800
Event: 64984.499 Thread 0x00000272b25a9800 Thread exited: 0x00000272b25a9800
Event: 64985.482 Thread 0x00000272b25ab000 Thread added: 0x00000272b25ab000
Event: 64985.487 Thread 0x00000272b25ab000 Thread exited: 0x00000272b25ab000
Event: 64985.495 Thread 0x00000272b25ac000 Thread added: 0x00000272b25ac000
Event: 64985.497 Thread 0x00000272b25ab000 Thread added: 0x00000272b25ab000
Event: 64985.500 Thread 0x00000272b259d800 Thread exited: 0x00000272b259d800
Event: 64985.500 Executing VM operation: RevokeBias
Event: 64985.506 Executing VM operation: RevokeBias done
Event: 64985.523 Thread 0x00000272b25ac000 Thread exited: 0x00000272b25ac000


Dynamic libraries:
0x00007ff75e630000 - 0x00007ff75e660000 	C:\Xilinx\Vivado\2018.3\bin\unwrapped\win64.o\vivado.exe
0x00007ffa3d9b0000 - 0x00007ffa3db91000 	C:\WINDOWS\SYSTEM32\ntdll.dll
0x00007ffa3c690000 - 0x00007ffa3c741000 	C:\WINDOWS\System32\KERNEL32.DLL
0x00007ffa3a590000 - 0x00007ffa3a803000 	C:\WINDOWS\System32\KERNELBASE.dll
0x00007ffa3a490000 - 0x00007ffa3a588000 	C:\WINDOWS\System32\ucrtbase.dll
0x00007ffa2c550000 - 0x00007ffa2c5f6000 	C:\WINDOWS\SYSTEM32\MSVCP140.dll
0x00007ffa2c600000 - 0x00007ffa2c616000 	C:\WINDOWS\SYSTEM32\VCRUNTIME140.dll
0x00007ffa34540000 - 0x00007ffa34554000 	C:\Xilinx\Vivado\2018.3\lib\win64.o\libboost_signals.dll
0x00007ffa33030000 - 0x00007ffa33044000 	C:\Xilinx\Vivado\2018.3\lib\win64.o\librdi_commonmain.dll
0x00007ffa2edf0000 - 0x00007ffa2ee16000 	C:\Xilinx\Vivado\2018.3\lib\win64.o\libboost_filesystem.dll
0x00007ffa3c960000 - 0x00007ffa3ca01000 	C:\WINDOWS\System32\ADVAPI32.dll
0x00007ffa3ae40000 - 0x00007ffa3aede000 	C:\WINDOWS\System32\msvcrt.dll
0x00007ffa3d440000 - 0x00007ffa3d49b000 	C:\WINDOWS\System32\sechost.dll
0x00007ffa3c480000 - 0x00007ffa3c5a4000 	C:\WINDOWS\System32\RPCRT4.dll
0x00007ffa35670000 - 0x00007ffa3567a000 	C:\Xilinx\Vivado\2018.3\lib\win64.o\librdi_commonversion.dll
0x00007ffa22330000 - 0x00007ffa22451000 	C:\Xilinx\Vivado\2018.3\lib\win64.o\librdi_commonxillic.dll
0x00007ffa3ca90000 - 0x00007ffa3cc20000 	C:\WINDOWS\System32\USER32.dll
0x00007ffa3a8b0000 - 0x00007ffa3a8d0000 	C:\WINDOWS\System32\win32u.dll
0x00007ffa3d500000 - 0x00007ffa3d528000 	C:\WINDOWS\System32\GDI32.dll
0x00007ffa3a920000 - 0x00007ffa3aab1000 	C:\WINDOWS\System32\gdi32full.dll
0x00007ffa3a810000 - 0x00007ffa3a8af000 	C:\WINDOWS\System32\msvcp_win.dll
0x00007ff9d00d0000 - 0x00007ff9d0f64000 	C:\Xilinx\Vivado\2018.3\lib\win64.o\librdi_common.dll
0x00007ffa3aee0000 - 0x00007ffa3c320000 	C:\WINDOWS\System32\SHELL32.dll
0x00007ffa3a8d0000 - 0x00007ffa3a919000 	C:\WINDOWS\System32\cfgmgr32.dll
0x00007ffa3d000000 - 0x00007ffa3d0a9000 	C:\WINDOWS\System32\shcore.dll
0x00007ffa3d0b0000 - 0x00007ffa3d3d2000 	C:\WINDOWS\System32\combase.dll
0x00007ffa3acb0000 - 0x00007ffa3ad29000 	C:\WINDOWS\System32\bcryptPrimitives.dll
0x00007ffa39d80000 - 0x00007ffa3a48d000 	C:\WINDOWS\System32\windows.storage.dll
0x00007ffa3d3e0000 - 0x00007ffa3d431000 	C:\WINDOWS\System32\shlwapi.dll
0x00007ffa39cd0000 - 0x00007ffa39ce1000 	C:\WINDOWS\System32\kernel.appcore.dll
0x00007ffa39cf0000 - 0x00007ffa39d0f000 	C:\WINDOWS\System32\profapi.dll
0x00007ffa39d10000 - 0x00007ffa39d5c000 	C:\WINDOWS\System32\powrprof.dll
0x00007ffa39cc0000 - 0x00007ffa39cca000 	C:\WINDOWS\System32\FLTLIB.DLL
0x00007ffa35420000 - 0x00007ffa3542b000 	C:\Xilinx\Vivado\2018.3\lib\win64.o\libboost_system.dll
0x00000000737a0000 - 0x00000000738cb000 	C:\Xilinx\Vivado\2018.3\lib\win64.o\tcl85t.dll
0x00007ffa3c750000 - 0x00007ffa3c7bc000 	C:\WINDOWS\System32\WS2_32.dll
0x00007ffa11a40000 - 0x00007ffa11cf5000 	C:\Xilinx\Vivado\2018.3\lib\win64.o\libXil_lmgr11.dll
0x00007ffa3cea0000 - 0x00007ffa3cf8d000 	C:\WINDOWS\System32\COMDLG32.dll
0x00007ffa3cdd0000 - 0x00007ffa3ce92000 	C:\WINDOWS\System32\OLEAUT32.dll
0x00007ffa3c320000 - 0x00007ffa3c471000 	C:\WINDOWS\System32\ole32.dll
0x00007ffa3ade0000 - 0x00007ffa3ae37000 	C:\WINDOWS\System32\WINTRUST.dll
0x00007ffa39d60000 - 0x00007ffa39d72000 	C:\WINDOWS\System32\MSASN1.dll
0x00007ffa3aac0000 - 0x00007ffa3aca2000 	C:\WINDOWS\System32\CRYPT32.dll
0x00007ffa1a640000 - 0x00007ffa1a754000 	C:\Xilinx\Vivado\2018.3\lib\win64.o\libboost_regex.dll
0x00007ffa31ea0000 - 0x00007ffa31eb4000 	C:\Xilinx\Vivado\2018.3\lib\win64.o\libboost_date_time.dll
0x00007ff9fedb0000 - 0x00007ff9ff11e000 	C:\Xilinx\Vivado\2018.3\lib\win64.o\libCOIN-all.dll
0x00007ffa2e5d0000 - 0x00007ffa2e5f1000 	C:\Xilinx\Vivado\2018.3\lib\win64.o\libboost_thread.dll
0x00007ffa26620000 - 0x00007ffa2669f000 	C:\Xilinx\Vivado\2018.3\lib\win64.o\libboost_program_options.dll
0x00007ffa350e0000 - 0x00007ffa350ef000 	C:\Xilinx\Vivado\2018.3\lib\win64.o\libboost_xilinx.dll
0x00007ffa22c40000 - 0x00007ffa22cc2000 	C:\Xilinx\Vivado\2018.3\lib\win64.o\libhdlpsolve.dll
0x00007ffa22280000 - 0x00007ffa22325000 	C:\Xilinx\Vivado\2018.3\lib\win64.o\libhdxml.dll
0x00007ffa286a0000 - 0x00007ffa286ce000 	C:\Xilinx\Vivado\2018.3\lib\win64.o\libisl_sysinfo.dll
0x00007ffa208e0000 - 0x00007ffa20945000 	C:\Xilinx\Vivado\2018.3\lib\win64.o\liblmx6.0.dll
0x00007ffa31630000 - 0x00007ffa3164a000 	C:\Xilinx\Vivado\2018.3\lib\win64.o\pthreadVC2.dll
0x00007ffa30970000 - 0x00007ffa3098c000 	C:\Xilinx\Vivado\2018.3\lib\win64.o\librdiconfig.dll
0x00007ffa265f0000 - 0x00007ffa26611000 	C:\Xilinx\Vivado\2018.3\lib\win64.o\librdizlib.dll
0x00007ffa2af20000 - 0x00007ffa2af37000 	C:\WINDOWS\SYSTEM32\NETAPI32.dll
0x00007ffa2a1b0000 - 0x00007ffa2a66d000 	C:\WINDOWS\SYSTEM32\WININET.dll
0x00007ffa2e190000 - 0x00007ffa2e26d000 	C:\WINDOWS\SYSTEM32\WINHTTP.dll
0x00007ffa28060000 - 0x00007ffa28229000 	C:\WINDOWS\SYSTEM32\urlmon.dll
0x0000000012000000 - 0x0000000012272000 	C:\Xilinx\Vivado\2018.3\lib\win64.o\xerces-c_3_1.dll
0x00007ffa25800000 - 0x00007ffa25809000 	C:\WINDOWS\SYSTEM32\WSOCK32.dll
0x00007ff9cf230000 - 0x00007ff9d00c1000 	C:\Xilinx\Vivado\2018.3\lib\win64.o\gurobi65.dll
0x00007ffa2c320000 - 0x00007ffa2c3c7000 	C:\WINDOWS\WinSxS\amd64_microsoft.windows.common-controls_6595b64144ccf1df_5.82.17134.885_none_f956463330922bba\COMCTL32.dll
0x00007ffa33770000 - 0x00007ffa3378a000 	C:\WINDOWS\SYSTEM32\dhcpcsvc.DLL
0x00007ffa3cc20000 - 0x00007ffa3cc28000 	C:\WINDOWS\System32\NSI.dll
0x00007ffa25f00000 - 0x00007ffa25f27000 	C:\WINDOWS\SYSTEM32\VCOMP140.DLL
0x00007ffa27600000 - 0x00007ffa278a6000 	C:\WINDOWS\SYSTEM32\iertutil.dll
0x00007ffa39710000 - 0x00007ffa3971b000 	C:\WINDOWS\SYSTEM32\CRYPTBASE.DLL
0x00007ffa34950000 - 0x00007ffa3495d000 	C:\Xilinx\Vivado\2018.3\lib\win64.o\libboost_chrono.dll
0x00007ff9ce9e0000 - 0x00007ff9cf22e600 	C:\Xilinx\Vivado\2018.3\lib\win64.o\libisl_iostreams.dll
0x00007ffa393d0000 - 0x00007ffa393de000 	C:\WINDOWS\SYSTEM32\NETUTILS.DLL
0x00007ffa265d0000 - 0x00007ffa265eb000 	C:\Xilinx\Vivado\2018.3\lib\win64.o\libboost_iostreams.dll
0x00007ffa23a90000 - 0x00007ffa23ab5000 	C:\Xilinx\Vivado\2018.3\lib\win64.o\libisl_iosutils.dll
0x00007ffa3c660000 - 0x00007ffa3c68d000 	C:\WINDOWS\System32\IMM32.DLL
0x00007ff9e8d70000 - 0x00007ff9e9265000 	C:\Xilinx\Vivado\2018.3\lib\win64.o\librdi_commontasks.dll
0x00007ffa35d30000 - 0x00007ffa35d3a000 	C:\WINDOWS\SYSTEM32\VERSION.dll
0x0000000072d70000 - 0x0000000073795000 	C:\Xilinx\Vivado\2018.3\tps\win64\jre9.0.4\bin\server\jvm.dll
0x00007ffa3c650000 - 0x00007ffa3c658000 	C:\WINDOWS\System32\PSAPI.DLL
0x00007ffa35910000 - 0x00007ffa35933000 	C:\WINDOWS\SYSTEM32\WINMM.dll
0x00007ffa19990000 - 0x00007ffa19a7f000 	C:\WINDOWS\SYSTEM32\MSVCR120.dll
0x00007ffa358e0000 - 0x00007ffa3590a000 	C:\WINDOWS\SYSTEM32\WINMMBASE.dll
0x00007ffa09ca0000 - 0x00007ffa09f1f000 	C:\Xilinx\Vivado\2018.3\lib\win64.o\librdi_sio.dll
0x00007ffa392d0000 - 0x00007ffa39308000 	C:\WINDOWS\SYSTEM32\IPHLPAPI.DLL
0x00007ffa39540000 - 0x00007ffa395a6000 	C:\WINDOWS\SYSTEM32\MSWSOCK.DLL
0x00007ff9cc610000 - 0x00007ff9ce9d2000 	C:\Xilinx\Vivado\2018.3\lib\win64.o\librdi_tcltasks.dll
0x00007ffa20280000 - 0x00007ffa202ea000 	C:\Xilinx\Vivado\2018.3\lib\win64.o\librdi_boarddep.dll
0x00007ffa20030000 - 0x00007ffa2010c000 	C:\Xilinx\Vivado\2018.3\lib\win64.o\librdi_chipscope.dll
0x00007ffa09260000 - 0x00007ffa093de000 	C:\Xilinx\Vivado\2018.3\lib\win64.o\librdi_board.dll
0x00007ff9e9340000 - 0x00007ff9e971c000 	C:\Xilinx\Vivado\2018.3\lib\win64.o\librdi_bitstream.dll
0x00007ffa08500000 - 0x00007ffa086b9000 	C:\Xilinx\Vivado\2018.3\lib\win64.o\librdi_chipscopeimpl.dll
0x00007ffa061d0000 - 0x00007ffa06318000 	C:\Xilinx\Vivado\2018.3\lib\win64.o\librdi_containers.dll
0x00007ff9cad00000 - 0x00007ff9cc605000 	C:\Xilinx\Vivado\2018.3\lib\win64.o\librdi_constraints.dll
0x00007ff9ca620000 - 0x00007ff9cacfa000 	C:\Xilinx\Vivado\2018.3\lib\win64.o\librdi_coregenipxact.dll
0x00007ff9c4070000 - 0x00007ff9c7e6b000 	C:\Xilinx\Vivado\2018.3\lib\win64.o\librdi_designutils.dll
0x00007ff9c8800000 - 0x00007ff9ca61f000 	C:\Xilinx\Vivado\2018.3\lib\win64.o\librdi_coregen.dll
0x00007ffa1f4d0000 - 0x00007ffa1f592000 	C:\Xilinx\Vivado\2018.3\lib\win64.o\librdi_dsp.dll
0x00007ff9f3980000 - 0x00007ff9f3c9b000 	C:\Xilinx\Vivado\2018.3\lib\win64.o\librdi_dlyest.dll
0x00007ff9e7390000 - 0x00007ff9e78f0000 	C:\Xilinx\Vivado\2018.3\lib\win64.o\librdi_drc.dll
0x00007ff9b3310000 - 0x00007ff9c4062000 	C:\Xilinx\Vivado\2018.3\lib\win64.o\librdi_device.dll
0x00007ffa21160000 - 0x00007ffa211bd000 	C:\Xilinx\Vivado\2018.3\lib\win64.o\librdi_hdf.dll
0x00007ff9e8970000 - 0x00007ff9e8c4a000 	C:\Xilinx\Vivado\2018.3\lib\win64.o\librdi_guitools.dll
0x00007ff9c81c0000 - 0x00007ff9c87ff000 	C:\Xilinx\Vivado\2018.3\lib\win64.o\librdi_filemgmt.dll
0x00007ffa1f320000 - 0x00007ffa1f391000 	C:\Xilinx\Vivado\2018.3\lib\win64.o\librdi_memoryarray.dll
0x00007ff9b2cf0000 - 0x00007ff9b3305000 	C:\Xilinx\Vivado\2018.3\lib\win64.o\librdi_memdata.dll
0x00007ff9b1950000 - 0x00007ff9b2ce1000 	C:\Xilinx\Vivado\2018.3\lib\win64.o\librdi_implflow.dll
0x00007ffa20440000 - 0x00007ffa20490000 	C:\Xilinx\Vivado\2018.3\lib\win64.o\librdi_pfi.dll
0x00007ff9b1310000 - 0x00007ff9b194b000 	C:\Xilinx\Vivado\2018.3\lib\win64.o\librdi_netlist.dll
0x00007ff9ad960000 - 0x00007ff9b130c000 	C:\Xilinx\Vivado\2018.3\lib\win64.o\librdi_mig.dll
0x00007ff9e8550000 - 0x00007ff9e8857000 	C:\Xilinx\Vivado\2018.3\lib\win64.o\librdi_platform.dll
0x00007ff9ab440000 - 0x00007ff9ad954000 	C:\Xilinx\Vivado\2018.3\lib\win64.o\librdi_place.dll
0x00007ff9aad40000 - 0x00007ff9ab435000 	C:\Xilinx\Vivado\2018.3\lib\win64.o\librdi_power.dll
0x00007ff9aa7e0000 - 0x00007ff9aad36000 	C:\Xilinx\Vivado\2018.3\lib\win64.o\librdi_project.dll
0x00007ff9e66a0000 - 0x00007ff9e6a77000 	C:\Xilinx\Vivado\2018.3\lib\win64.o\librdi_runs.dll
0x00007ff9aa0e0000 - 0x00007ff9aa7d3000 	C:\Xilinx\Vivado\2018.3\lib\win64.o\librdi_psta.dll
0x00007ff9a9a00000 - 0x00007ff9aa0d9000 	C:\Xilinx\Vivado\2018.3\lib\win64.o\librdi_rsb.dll
0x00007ffa082f0000 - 0x00007ffa083c8000 	C:\Xilinx\Vivado\2018.3\lib\win64.o\librdi_runsbase.dll
0x00007ff9fb4a0000 - 0x00007ff9fb6c8000 	C:\Xilinx\Vivado\2018.3\lib\win64.o\librdi_simdata.dll
0x00007ffa055f0000 - 0x00007ffa05744000 	C:\Xilinx\Vivado\2018.3\lib\win64.o\librdi_advchipscopeimpl.dll
0x00007ffa201b0000 - 0x00007ffa201fc000 	C:\Xilinx\Vivado\2018.3\lib\win64.o\libboost_serialization.dll
0x00007ffa07360000 - 0x00007ffa07418000 	C:\Xilinx\Vivado\2018.3\lib\win64.o\librdi_hip_devdesign.dll
0x00007ff9a8c70000 - 0x00007ff9a99fd000 	C:\Xilinx\Vivado\2018.3\lib\win64.o\librdi_timing.dll
0x00007ffa22240000 - 0x00007ffa22278000 	C:\Xilinx\Vivado\2018.3\lib\win64.o\librdi_noc_frameworks.dll
0x00007ff9ff940000 - 0x00007ff9ff9eb000 	C:\Xilinx\Vivado\2018.3\lib\win64.o\librdi_ipconfig_readwrite.dll
0x00007ff9e7fa0000 - 0x00007ff9e8355000 	C:\Xilinx\Vivado\2018.3\lib\win64.o\librdi_hip_config.dll
0x00007ff9a8720000 - 0x00007ff9a8c6e000 	C:\Xilinx\Vivado\2018.3\lib\win64.o\librdi_xdm.dll
0x00007ffa1eec0000 - 0x00007ffa1ef09000 	C:\Xilinx\Vivado\2018.3\lib\win64.o\librdi_wavedata_SimpleApi.dll
0x00007ff9a8130000 - 0x00007ff9a8714000 	C:\Xilinx\Vivado\2018.3\lib\win64.o\librdi_wavedata.dll

VM Arguments:
jvm_args: -Dsun.java2d.pmoffscreen=false -Dsun.java2d.xrender=false -Dsun.java2d.d3d=false -Dsun.awt.nopixfmt=true -Dsun.java2d.dpiaware=true -Dsun.java2d.uiScale.enabled=false -Xverify:none -Dswing.aatext=true -XX:-UsePerfData -Djdk.map.althashing.threshold=512 -XX:StringTableSize=4072 --add-opens=java.base/java.nio=ALL-UNNAMED --add-opens=java.desktop/sun.swing=ALL-UNNAMED --add-opens=java.desktop/javax.swing=ALL-UNNAMED --add-opens=java.desktop/javax.swing.tree=ALL-UNNAMED --add-opens=java.desktop/javax.swing.plaf.basic=ALL-UNNAMED --add-opens=java.desktop/javax.swing.plaf.synth=ALL-UNNAMED --add-opens=java.desktop/com.sun.awt=ALL-UNNAMED -XX:NewSize=60m -XX:MaxNewSize=60m -Xms128m -Xmx3072m -Xss5m 
java_command: <unknown>
java_class_path (initial): C:/Xilinx/Vivado/2018.3\lib\classes\alloy.jar;C:/Xilinx/Vivado/2018.3\lib\classes\autopilot.scelaborator.jar;C:/Xilinx/Vivado/2018.3\lib\classes\autopilot.sourceprocessor.jar;C:/Xilinx/Vivado/2018.3\lib\classes\autopilot.tbprocessor.jar;C:/Xilinx/Vivado/2018.3\lib\classes\batik-anim.jar;C:/Xilinx/Vivado/2018.3\lib\classes\batik-awt-util.jar;C:/Xilinx/Vivado/2018.3\lib\classes\batik-bridge.jar;C:/Xilinx/Vivado/2018.3\lib\classes\batik-codec.jar;C:/Xilinx/Vivado/2018.3\lib\classes\batik-css.jar;C:/Xilinx/Vivado/2018.3\lib\classes\batik-dom.jar;C:/Xilinx/Vivado/2018.3\lib\classes\batik-ext.jar;C:/Xilinx/Vivado/2018.3\lib\classes\batik-gui-util.jar;C:/Xilinx/Vivado/2018.3\lib\classes\batik-gvt.jar;C:/Xilinx/Vivado/2018.3\lib\classes\batik-parser.jar;C:/Xilinx/Vivado/2018.3\lib\classes\batik-script.jar;C:/Xilinx/Vivado/2018.3\lib\classes\batik-svg-dom.jar;C:/Xilinx/Vivado/2018.3\lib\classes\batik-swing.jar;C:/Xilinx/Vivado/2018.3\lib\classes\batik-transcoder.jar;C:/Xilinx/Vivado/2018.3\lib\classes\batik-util.jar;C:/Xilinx/Vivado/2018.3\lib\classes\batik-xml.jar;C:/Xilinx/Vivado/2018.3\lib\classes\com.ibm.icu_4.4.2.v20110208.jar;C:/Xilinx/Vivado/2018.3\lib\classes\commons-collections4-4.1.jar;C:/Xilinx/Vivado/2018.3\lib\classes\commons-math-2.2.jar;C:/Xilinx/Vivado/2018.3\lib\classes\dom4j-1.6.1.jar;C:/Xilinx/Vivado/2018.3\lib\classes\guava-18.0.jar;C:/Xilinx/Vivado/2018.3\lib\classes\help.jar;C:/Xilinx/Vivado/2018.3\lib\classes\hsqldb.jar;C:/Xilinx/Vivado/2018.3\lib\classes\jargs.jar;C:/Xilinx/Vivado/2018.3\lib\classes\jaxb-api-2.3.0.jar;C:/Xilinx/Vivado/2018.3\lib\classes\jh.jar;C:/Xilinx/Vivado/2018.3\lib\classes\jide-action.jar;C:/Xilinx/Vivado/2018.3\lib\classes\jide-charts.jar;C:/Xilinx/Vivado/2018.3\lib\classes\jide-common.jar;C:/Xilinx/Vivado/2018.3\lib\classes\jide-components.jar;C:/Xilinx/Vivado/2018.3\lib\classes\jide-dashboard.jar;C:/Xilinx/Vivado/2018.3\lib\classes\jide-data.jar;C:/Xilinx/Vivado/2018.3\lib\classes\jide-dialogs.jar
Launcher Type: generic

Logging:
Log output configuration:
#0: stdout all=warning uptime,level,tags
#1: stderr all=off uptime,level,tags

Environment Variables:
PATH=C:/Xilinx/Vivado/2018.3/bin;C:/Xilinx/Vivado/2018.3/lib/win64.o;C:/Xilinx/Vivado/2018.3/tps/win64/jre9.0.4/bin/server;C:/Xilinx/Vivado/2018.3/tps/win64/jre9.0.4/bin;C:/Xilinx/SDK/2018.3/bin;C:/Xilinx/Vivado/2018.3/ids_lite/ISE/bin/nt64;C:/Xilinx/Vivado/2018.3/ids_lite/ISE/lib/nt64;C:\ProgramData\Oracle\Java\javapath;C:\Program Files (x86)\PC Connectivity Solution\;C:\Program Files (x86)\Intel\iCLS Client\;C:\Program Files\Intel\iCLS Client\;C:\Windows\system32;C:\Windows;C:\Windows\System32\Wbem;C:\Windows\System32\WindowsPowerShell\v1.0\;C:\Program Files (x86)\Hewlett-Packard\HP Performance Advisor;c:\Program Files\Intel\WiFi\bin\;c:\Program Files\Common Files\Intel\WirelessCommon\;C:\Program Files (x86)\HP\HP Performance Advisor;C:\Program Files (x86)\NVIDIA Corporation\PhysX\Common;C:\Program Files\Microsoft SQL Server\110\Tools\Binn\;C:\Program Files\Intel\Intel(R) Management Engine Components\DAL;C:\Program Files\Intel\Intel(R) Management Engine Components\IPT;C:\Program Files (x86)\Skype\Phone\;C:\Program Files (x86)\Wolfram Research\WolframScript\;C:\Program Files (x86)\QuickTime\QTSystem\;C:\WINDOWS\System32\OpenSSH\;C:\Program Files\MATLAB\R2019a\bin;C:\Program Files\Git\cmd;C:\Users\ThePhonkey\AppData\Local\Microsoft\WindowsApps;C:\Users\ThePhonkey\AppData\Local\GitHubDesktop\bin;C:/Xilinx/Vivado/2018.3\tps\mingw\6.2.0\win64.o\nt\bin;C:/Xilinx/Vivado/2018.3\tps\mingw\6.2.0\win64.o\nt\libexec\gcc\x86_64-w64-mingw32\6.2.0
USERNAME=ThePhonkey
OS=Windows_NT
PROCESSOR_IDENTIFIER=Intel64 Family 6 Model 60 Stepping 3, GenuineIntel



---------------  S Y S T E M  ---------------

OS: Windows 10 , 64 bit Build 17134 (10.0.17134.753)

CPU:total 8 (initial active 8) (4 cores per cpu, 2 threads per core) family 6 model 60 stepping 3, cmov, cx8, fxsr, mmx, sse, sse2, sse3, ssse3, sse4.1, sse4.2, popcnt, avx, avx2, aes, clmul, erms, lzcnt, ht, tsc, tscinvbit, bmi1, bmi2, fma

Memory: 4k page, physical 16701464k(8106584k free), swap 19191832k(6186160k free)

vm_info: Java HotSpot(TM) 64-Bit Server VM (9.0.4+11) for windows-amd64 JRE (9.0.4+11), built on Dec 20 2017 02:18:54 by "mach5one" with MS VC++ 12.0 (VS2013)

END.
