Csrcscan starts
INFO: analyzing module characters (VERI-9002)
INFO: analyzing module debouncer (VERI-9002)
INFO: analyzing module driver_vga_1024x768 (VERI-9002)
INFO: analyzing module grid_cursor (VERI-9002)
INFO: analyzing module templates (VERI-9002)
INFO: analyzing module template_6x4_600x400 (VERI-9002)
INFO: analyzing module hello_world_text_square (VERI-9002)
INFO: analyzing module show_one_line (VERI-9002)
C:/Users/THEPHO~1/AppData/Local/Temp/VivadoEditorAssist17057119157827163640.tmp(247): WARNING: identifier 'MAX_CHARACTER_LINE' is used before its declaration (VERI-1875)
INFO: analyzing module show_one_char (VERI-9002)
INFO: analyzing module lab_8 (VERI-9002)
INFO: analyzing module hex_to_ascii (VERI-9002)
INFO: analyzing module hex_to_bit_ascii (VERI-9002)
INFO: analyzing module calculator_screen (VERI-9002)
INFO: analyzing module space_padding (VERI-9002)
INFO: analyzing module print (VERI-9002)
INFO: analyzing module print (VERI-9002)
C:/Users/THEPHO~1/AppData/Local/Temp/VivadoEditorAssist5630302621906949449.tmp(23): WARNING: overwriting previous definition of module 'print' (VERI-1206)
srcscan exits with return value 0
