Copyright 1986-2018 Xilinx, Inc. All Rights Reserved.
------------------------------------------------------------------------------------
| Tool Version : Vivado v.2018.3 (win64) Build 2405991 Thu Dec  6 23:38:27 MST 2018
| Date         : Thu Jul 25 16:20:14 2019
| Host         : LAPTOP-EK0UNFM6 running 64-bit major release  (build 9200)
| Command      : report_control_sets -verbose -file main_control_sets_placed.rpt
| Design       : main
| Device       : xc7a100t
------------------------------------------------------------------------------------

Control Set Information

Table of Contents
-----------------
1. Summary
2. Histogram
3. Flip-Flop Distribution
4. Detailed Control Set Information

1. Summary
----------

+----------------------------------------------------------+-------+
|                          Status                          | Count |
+----------------------------------------------------------+-------+
| Number of unique control sets                            |     7 |
| Unused register locations in slices containing registers |    22 |
+----------------------------------------------------------+-------+


2. Histogram
------------

+--------+--------------+
| Fanout | Control Sets |
+--------+--------------+
|      4 |            1 |
|      7 |            1 |
|      8 |            2 |
|     12 |            1 |
|    16+ |            2 |
+--------+--------------+


3. Flip-Flop Distribution
-------------------------

+--------------+-----------------------+------------------------+-----------------+--------------+
| Clock Enable | Synchronous Set/Reset | Asynchronous Set/Reset | Total Registers | Total Slices |
+--------------+-----------------------+------------------------+-----------------+--------------+
| No           | No                    | No                     |              24 |           10 |
| No           | No                    | Yes                    |               0 |            0 |
| No           | Yes                   | No                     |              22 |            8 |
| Yes          | No                    | No                     |               0 |            0 |
| Yes          | No                    | Yes                    |              20 |            6 |
| Yes          | Yes                   | No                     |               8 |            3 |
+--------------+-----------------------+------------------------+-----------------+--------------+


4. Detailed Control Set Information
-----------------------------------

+----------------------+------------------------------------+------------------------------------+------------------+----------------+
|     Clock Signal     |            Enable Signal           |          Set/Reset Signal          | Slice Load Count | Bel Load Count |
+----------------------+------------------------------------+------------------------------------+------------------+----------------+
|  uno/clk             |                                    | multiplex/bcd[3]_i_1_n_0           |                1 |              4 |
|  uno/clk             |                                    |                                    |                2 |              7 |
|  CLK100MHZ_IBUF_BUFG | recibidor/r_Clock_Count[7]_i_2_n_0 | recibidor/r_Clock_Count[7]_i_1_n_0 |                3 |              8 |
|  CLK100MHZ_IBUF_BUFG | recibidor/E[0]                     | uno/AR[0]                          |                2 |              8 |
|  CLK100MHZ_IBUF_BUFG | ctrl/FSM_onehot_state[11]_i_1_n_0  | uno/AR[0]                          |                4 |             12 |
|  CLK100MHZ_IBUF_BUFG |                                    |                                    |                8 |             17 |
|  CLK100MHZ_IBUF_BUFG |                                    | uno/AR[0]                          |                7 |             18 |
+----------------------+------------------------------------+------------------------------------+------------------+----------------+


