Copyright 1986-2018 Xilinx, Inc. All Rights Reserved.
------------------------------------------------------------------------------------
| Tool Version : Vivado v.2018.3 (win64) Build 2405991 Thu Dec  6 23:38:27 MST 2018
| Date         : Mon Aug 19 16:06:00 2019
| Host         : LAPTOP-EK0UNFM6 running 64-bit major release  (build 9200)
| Command      : report_control_sets -verbose -file lab_8_control_sets_placed.rpt
| Design       : lab_8
| Device       : xc7a100t
------------------------------------------------------------------------------------

Control Set Information

Table of Contents
-----------------
1. Summary
2. Histogram
3. Flip-Flop Distribution
4. Detailed Control Set Information

1. Summary
----------

+----------------------------------------------------------+-------+
|                          Status                          | Count |
+----------------------------------------------------------+-------+
| Number of unique control sets                            |    89 |
| Unused register locations in slices containing registers |   381 |
+----------------------------------------------------------+-------+


2. Histogram
------------

+--------+--------------+
| Fanout | Control Sets |
+--------+--------------+
|      3 |           23 |
|      4 |            4 |
|      5 |           24 |
|      6 |            5 |
|      7 |            4 |
|      8 |            1 |
|      9 |            5 |
|     10 |           17 |
|     11 |            2 |
|     12 |            1 |
|    16+ |            3 |
+--------+--------------+


3. Flip-Flop Distribution
-------------------------

+--------------+-----------------------+------------------------+-----------------+--------------+
| Clock Enable | Synchronous Set/Reset | Asynchronous Set/Reset | Total Registers | Total Slices |
+--------------+-----------------------+------------------------+-----------------+--------------+
| No           | No                    | No                     |             250 |           79 |
| No           | No                    | Yes                    |               0 |            0 |
| No           | Yes                   | No                     |              29 |           10 |
| Yes          | No                    | No                     |             135 |           55 |
| Yes          | No                    | Yes                    |               0 |            0 |
| Yes          | Yes                   | No                     |             389 |          130 |
+--------------+-----------------------+------------------------+-----------------+--------------+


4. Detailed Control Set Information
-----------------------------------

+---------------------+-----------------------------------------------------------------------+-------------------------------------------------------------------+------------------+----------------+
|     Clock Signal    |                             Enable Signal                             |                          Set/Reset Signal                         | Slice Load Count | Bel Load Count |
+---------------------+-----------------------------------------------------------------------+-------------------------------------------------------------------+------------------+----------------+
|  inst/inst/clk_out1 | nolabel_line75/onscreen/ch_02/push_menu_minimat_y[7]_i_2__15_n_0      | nolabel_line75/onscreen/ch_02/push_menu_minimat_y[7]_i_1__9_n_0   |                2 |              3 |
|  inst/inst/clk_out1 | nolabel_line75/onscreen/ch_09/contador_pixels_verticales_reg[0]_0     | nolabel_line75/m_driver/contador_pixels_verticales_reg[0]_3       |                1 |              3 |
|  inst/inst/clk_out1 | nolabel_line75/onscreen/ch_04/push_menu_minimat_y[7]_i_2__19_n_0      | nolabel_line75/onscreen/ch_04/push_menu_minimat_y[7]_i_1__13_n_0  |                1 |              3 |
|  inst/inst/clk_out1 | nolabel_line75/onscreen/ch_22/push_menu_minimat_y[7]_i_2__1_n_0       | nolabel_line75/onscreen/ch_22/push_menu_minimat_y[7]_i_1__1_n_0   |                1 |              3 |
|  inst/inst/clk_out1 | nolabel_line75/onscreen/ch_14/push_menu_minimat_y[7]_i_2__22_n_0      | nolabel_line75/onscreen/ch_14/push_menu_minimat_y[7]_i_1__8_n_0   |                1 |              3 |
|  inst/inst/clk_out1 | nolabel_line75/onscreen/ch_00/push_menu_minimat_y[7]_i_2__14_n_0      | nolabel_line75/onscreen/ch_00/push_menu_minimat_y[7]_i_1__7_n_0   |                2 |              3 |
|  inst/inst/clk_out1 | nolabel_line75/onscreen/ch_08/contador_pixels_verticales_reg[0]_0     | nolabel_line75/m_driver/contador_pixels_verticales_reg[0]_2       |                2 |              3 |
|  inst/inst/clk_out1 | nolabel_line75/onscreen/ch_13/push_menu_minimat_y[7]_i_2__11_n_0      | nolabel_line75/onscreen/ch_13/push_menu_minimat_y[7]_i_1__4_n_0   |                1 |              3 |
|  inst/inst/clk_out1 | nolabel_line75/onscreen/ch_01/push_menu_minimat_y[7]_i_2__12_n_0      | nolabel_line75/onscreen/ch_01/push_menu_minimat_y[7]_i_1__5_n_0   |                1 |              3 |
|  inst/inst/clk_out1 | nolabel_line75/onscreen/ch_03/push_menu_minimat_y[7]_i_2__17_n_0      | nolabel_line75/onscreen/ch_03/push_menu_minimat_y[7]_i_1__11_n_0  |                1 |              3 |
|  inst/inst/clk_out1 | nolabel_line75/onscreen/ch_15/push_menu_minimat_y[7]_i_2__16_n_0      | nolabel_line75/onscreen/ch_15/push_menu_minimat_y[7]_i_1__10_n_0  |                1 |              3 |
|  inst/inst/clk_out1 | nolabel_line75/onscreen/ch_16/push_menu_minimat_y[7]_i_2__18_n_0      | nolabel_line75/onscreen/ch_16/push_menu_minimat_y[7]_i_1__12_n_0  |                2 |              3 |
|  inst/inst/clk_out1 | nolabel_line75/onscreen/ch_07/contador_pixels_verticales_reg[0]_0     | nolabel_line75/m_driver/contador_pixels_verticales_reg[0]_1       |                1 |              3 |
|  inst/inst/clk_out1 | nolabel_line75/onscreen/ch_23/push_menu_minimat_y[7]_i_2__0_n_0       | nolabel_line75/onscreen/ch_23/push_menu_minimat_y[7]_i_1__2_n_0   |                2 |              3 |
|  inst/inst/clk_out1 | nolabel_line75/onscreen/ch_11/contador_pixels_verticales_reg[0]_0     | nolabel_line75/m_driver/contador_pixels_verticales_reg[0]_5       |                1 |              3 |
|  inst/inst/clk_out1 | nolabel_line75/onscreen/ch_18/contador_pixels_verticales_reg[0]_0     | nolabel_line75/m_driver/contador_pixels_verticales_reg[0]_6       |                1 |              3 |
|  inst/inst/clk_out1 | nolabel_line75/onscreen/ch_21/contador_pixels_verticales_reg[0]_0     | nolabel_line75/m_driver/contador_pixels_verticales_reg[0]_9       |                1 |              3 |
|  inst/inst/clk_out1 | nolabel_line75/onscreen/ch_12/push_menu_minimat_y[7]_i_2__13_n_0      | nolabel_line75/onscreen/ch_12/push_menu_minimat_y[7]_i_1__6_n_0   |                1 |              3 |
|  inst/inst/clk_out1 | nolabel_line75/onscreen/ch_06/contador_pixels_verticales_reg[0]_0     | nolabel_line75/m_driver/contador_pixels_verticales_reg[0]_0       |                1 |              3 |
|  inst/inst/clk_out1 | nolabel_line75/onscreen/ch_19/contador_pixels_verticales_reg[0]_0     | nolabel_line75/m_driver/contador_pixels_verticales_reg[0]_7       |                2 |              3 |
|  inst/inst/clk_out1 | nolabel_line75/onscreen/ch_10/contador_pixels_verticales_reg[0]_0     | nolabel_line75/m_driver/contador_pixels_verticales_reg[0]_4       |                2 |              3 |
|  inst/inst/clk_out1 | nolabel_line75/onscreen/ch_20/contador_pixels_verticales_reg[0]_0     | nolabel_line75/m_driver/contador_pixels_verticales_reg[0]_8       |                1 |              3 |
|  inst/inst/clk_out1 | nolabel_line75/onscreen/ch_05/push_menu_minimat_y[7]_i_2__10_n_0      | nolabel_line75/onscreen/ch_05/push_menu_minimat_y[7]_i_1__3_n_0   |                1 |              3 |
|  inst/inst/clk_out1 | nolabel_line75/onscreen/ch_17/push_menu_minimat_y[7]_i_1__0_n_0       |                                                                   |                2 |              4 |
|  inst/inst/clk_out1 | nolabel_line75/m_driver/contador_pixels_verticales_reg[0]             | nolabel_line75/onscreen/ch_24/push_menu_minimat_y[3]_i_1__23_n_0  |                3 |              4 |
|  inst/inst/clk_out1 | nolabel_line75/onscreen/ch_09/ch_09/                                  | nolabel_line75/m_driver/contador_pixels_horizontales[2]_i_2__4_0  |                1 |              4 |
|  inst/inst/clk_out1 | nolabel_line75/onscreen/ch_22/ch_22/                                  | nolabel_line75/m_driver/n_0_1438                                  |                1 |              4 |
|  inst/inst/clk_out1 | nolabel_line75/onscreen/ch_09/contador_pixels_verticales_reg[0]_0     |                                                                   |                2 |              5 |
|  inst/inst/clk_out1 | nolabel_line75/onscreen/ch_00/push_menu_minimat_y[7]_i_2__14_n_0      |                                                                   |                3 |              5 |
|  inst/inst/clk_out1 | nolabel_line75/onscreen/ch_01/push_menu_minimat_y[7]_i_2__12_n_0      |                                                                   |                2 |              5 |
|  inst/inst/clk_out1 | nolabel_line75/onscreen/ch_08/contador_pixels_verticales_reg[0]_0     |                                                                   |                2 |              5 |
|  inst/inst/clk_out1 | nolabel_line75/onscreen/ch_02/push_menu_minimat_y[7]_i_2__15_n_0      |                                                                   |                2 |              5 |
|  inst/inst/clk_out1 | nolabel_line75/onscreen/ch_05/push_menu_minimat_y[7]_i_2__10_n_0      |                                                                   |                2 |              5 |
|  inst/inst/clk_out1 | nolabel_line75/onscreen/ch_11/contador_pixels_verticales_reg[0]_0     |                                                                   |                2 |              5 |
|  inst/inst/clk_out1 | nolabel_line75/onscreen/ch_07/contador_pixels_verticales_reg[0]_0     |                                                                   |                2 |              5 |
|  inst/inst/clk_out1 | nolabel_line75/onscreen/ch_12/push_menu_minimat_y[7]_i_2__13_n_0      |                                                                   |                3 |              5 |
|  inst/inst/clk_out1 | nolabel_line75/onscreen/ch_06/contador_pixels_verticales_reg[0]_0     |                                                                   |                2 |              5 |
|  inst/inst/clk_out1 | nolabel_line75/onscreen/ch_19/contador_pixels_verticales_reg[0]_0     |                                                                   |                2 |              5 |
|  inst/inst/clk_out1 | nolabel_line75/onscreen/ch_03/ch_03/                                  | nolabel_line75/onscreen/ch_03/push_menu_minimat_x[2]_i_1__0_n_0   |                2 |              5 |
|  inst/inst/clk_out1 | nolabel_line75/onscreen/ch_16/push_menu_minimat_y[7]_i_2__18_n_0      |                                                                   |                3 |              5 |
|  inst/inst/clk_out1 | nolabel_line75/onscreen/ch_13/push_menu_minimat_y[7]_i_2__11_n_0      |                                                                   |                2 |              5 |
|  inst/inst/clk_out1 | nolabel_line75/onscreen/ch_14/push_menu_minimat_y[7]_i_2__22_n_0      |                                                                   |                2 |              5 |
|  inst/inst/clk_out1 | nolabel_line75/onscreen/ch_03/push_menu_minimat_y[7]_i_2__17_n_0      |                                                                   |                2 |              5 |
|  inst/inst/clk_out1 | nolabel_line75/onscreen/ch_21/contador_pixels_verticales_reg[0]_0     |                                                                   |                2 |              5 |
|  inst/inst/clk_out1 | nolabel_line75/onscreen/ch_20/contador_pixels_verticales_reg[0]_0     |                                                                   |                2 |              5 |
|  inst/inst/clk_out1 | nolabel_line75/onscreen/ch_18/contador_pixels_verticales_reg[0]_0     |                                                                   |                2 |              5 |
|  inst/inst/clk_out1 | nolabel_line75/onscreen/ch_15/push_menu_minimat_y[7]_i_2__16_n_0      |                                                                   |                2 |              5 |
|  inst/inst/clk_out1 | nolabel_line75/onscreen/ch_22/push_menu_minimat_y[7]_i_2__1_n_0       |                                                                   |                2 |              5 |
|  inst/inst/clk_out1 | nolabel_line75/onscreen/ch_04/push_menu_minimat_y[7]_i_2__19_n_0      |                                                                   |                1 |              5 |
|  inst/inst/clk_out1 | nolabel_line75/onscreen/ch_23/push_menu_minimat_y[7]_i_2__0_n_0       |                                                                   |                2 |              5 |
|  inst/inst/clk_out1 | nolabel_line75/onscreen/ch_10/contador_pixels_verticales_reg[0]_0     |                                                                   |                3 |              5 |
|  inst/inst/clk_out1 | nolabel_line75/onscreen/ch_22/push_menu_minimat_x[4]_i_1__0_n_0       | nolabel_line75/m_driver/n_0_1438                                  |                2 |              6 |
|  inst/inst/clk_out1 | nolabel_line75/onscreen/ch_03/ch_03/                                  | nolabel_line75/m_driver/contador_pixels_horizontales[2]_i_2__20_0 |                2 |              6 |
|  inst/inst/clk_out1 | nolabel_line75/onscreen/ch_23/push_menu_minimat_x[7]_i_1__0_n_0       | nolabel_line75/m_driver/contador_pixels_horizontales[2]_i_2__0_0  |                2 |              6 |
|  inst/inst/clk_out1 | nolabel_line75/onscreen/ch_17/push_menu_minimat_x[7]_i_1__6_n_0       | nolabel_line75/m_driver/contador_pixels_horizontales[2]_i_2__7_0  |                2 |              6 |
|  inst/inst/clk_out1 | nolabel_line75/onscreen/ch_24/menu_character_position_x[5]_i_2__1_n_0 | nolabel_line75/m_driver/push_menu_minimat_x_reg[6]                |                2 |              6 |
|  inst/inst/clk_out1 | nolabel_line75/m_driver/contador_pixels_verticales_reg[0]             | nolabel_line75/m_driver/push_menu_minimat_y[7]_i_5_0              |                2 |              7 |
|  inst/inst/clk_out1 | nolabel_line75/onscreen/ch_17/push_menu_minimat_y[7]_i_1__0_n_0       | nolabel_line75/m_driver/contador_pixels_verticales[2]_i_2__8_0    |                2 |              7 |
|  inst/inst/clk_out1 | nolabel_line75/onscreen/ch_09/ch_09/                                  | nolabel_line75/onscreen/ch_09/push_menu_minimat_x[6]_i_1__20_n_0  |                2 |              7 |
|  inst/inst/clk_out1 | nolabel_line75/onscreen/ch_22/ch_22/                                  | nolabel_line75/onscreen/ch_22/push_menu_minimat_x[4]_i_1__0_n_0   |                2 |              7 |
|  inst/inst/clk_out1 | nolabel_line75/onscreen/ch_00/ch_00/                                  | nolabel_line75/onscreen/ch_00/push_menu_minimat_x[7]_i_1__14_n_0  |                3 |              8 |
|  inst/inst/clk_out1 | nolabel_line75/onscreen/ch_20/ch_20/                                  | nolabel_line75/onscreen/ch_20/push_menu_minimat_x[7]_i_1__8_n_0   |                3 |              9 |
|  inst/inst/clk_out1 | nolabel_line75/onscreen/ch_16/ch_16/                                  | nolabel_line75/onscreen/ch_16/push_menu_minimat_x[7]_i_1__15_n_0  |                3 |              9 |
|  inst/inst/clk_out1 | nolabel_line75/onscreen/ch_24/push_menu_minimat_x[6]_i_2_n_0          | nolabel_line75/onscreen/ch_24/push_menu_minimat_x[6]_i_1__21_n_0  |                3 |              9 |
|  inst/inst/clk_out1 | nolabel_line75/onscreen/ch_21/ch_21/                                  | nolabel_line75/onscreen/ch_21/push_menu_minimat_x[7]_i_1__9_n_0   |                3 |              9 |
|  inst/inst/clk_out1 | nolabel_line75/template_1/matrix_y0_carry__0_n_3                      | nolabel_line75/m_driver/matrix_y_next                             |                3 |              9 |
|  inst/inst/clk_out1 | nolabel_line75/onscreen/ch_10/ch_10/                                  | nolabel_line75/onscreen/ch_10/push_menu_minimat_x[7]_i_1__4_n_0   |                3 |             10 |
|  inst/inst/clk_out1 | nolabel_line75/onscreen/ch_06/ch_06/                                  | nolabel_line75/onscreen/ch_06/push_menu_minimat_x[7]_i_1__1_n_0   |                3 |             10 |
|  inst/inst/clk_out1 | nolabel_line75/onscreen/ch_12/ch_12/                                  | nolabel_line75/onscreen/ch_12/push_menu_minimat_x[7]_i_1__13_n_0  |                3 |             10 |
|  inst/inst/clk_out1 | nolabel_line75/onscreen/ch_11/ch_11/                                  | nolabel_line75/onscreen/ch_11/push_menu_minimat_x[7]_i_1__5_n_0   |                3 |             10 |
|  inst/inst/clk_out1 | nolabel_line75/onscreen/ch_07/ch_07/                                  | nolabel_line75/onscreen/ch_07/push_menu_minimat_x[7]_i_1__2_n_0   |                3 |             10 |
|  inst/inst/clk_out1 | nolabel_line75/onscreen/ch_02/ch_02/                                  | nolabel_line75/onscreen/ch_02/push_menu_minimat_x[7]_i_1__17_n_0  |                3 |             10 |
|  inst/inst/clk_out1 | nolabel_line75/onscreen/ch_01/ch_01/                                  | nolabel_line75/onscreen/ch_01/push_menu_minimat_x[7]_i_1__11_n_0  |                3 |             10 |
|  inst/inst/clk_out1 | nolabel_line75/onscreen/ch_08/ch_08/                                  | nolabel_line75/onscreen/ch_08/push_menu_minimat_x[7]_i_1__3_n_0   |                3 |             10 |
|  inst/inst/clk_out1 | nolabel_line75/onscreen/ch_18/ch_18/                                  | nolabel_line75/onscreen/ch_18/push_menu_minimat_x[7]_i_1__23_n_0  |                3 |             10 |
|  inst/inst/clk_out1 | nolabel_line75/onscreen/ch_17/ch_17/                                  | nolabel_line75/onscreen/ch_17/push_menu_minimat_x[7]_i_1__6_n_0   |                3 |             10 |
|  inst/inst/clk_out1 | nolabel_line75/onscreen/ch_15/ch_15/                                  | nolabel_line75/onscreen/ch_15/push_menu_minimat_x[7]_i_1__19_n_0  |                3 |             10 |
|  inst/inst/clk_out1 | nolabel_line75/onscreen/ch_14/ch_14/                                  | nolabel_line75/onscreen/ch_14/push_menu_minimat_x[7]_i_1__18_n_0  |                3 |             10 |
|  inst/inst/clk_out1 | nolabel_line75/onscreen/ch_04/ch_04/                                  | nolabel_line75/onscreen/ch_04/push_menu_minimat_x[7]_i_1__16_n_0  |                3 |             10 |
|  inst/inst/clk_out1 | nolabel_line75/onscreen/ch_13/ch_13/                                  | nolabel_line75/onscreen/ch_13/push_menu_minimat_x[7]_i_1__12_n_0  |                3 |             10 |
|  inst/inst/clk_out1 | nolabel_line75/onscreen/ch_23/ch_23/                                  | nolabel_line75/onscreen/ch_23/push_menu_minimat_x[7]_i_1__0_n_0   |                3 |             10 |
|  inst/inst/clk_out1 | nolabel_line75/onscreen/ch_19/ch_19/                                  | nolabel_line75/onscreen/ch_19/push_menu_minimat_x[7]_i_1__7_n_0   |                3 |             10 |
|  inst/inst/clk_out1 | nolabel_line75/onscreen/ch_05/ch_05/                                  | nolabel_line75/onscreen/ch_05/push_menu_minimat_x[7]_i_1__10_n_0  |                3 |             10 |
|  inst/inst/clk_out1 | nolabel_line75/m_driver/vc_next                                       | nolabel_line75/m_driver/vc[11]_i_1_n_0                            |                3 |             11 |
|  inst/inst/clk_out1 | nolabel_line75/template_1/sel                                         | nolabel_line75/m_driver/matrix_x_next                             |                3 |             11 |
|  inst/inst/clk_out1 |                                                                       | nolabel_line75/m_driver/hc[11]_i_1_n_0                            |                4 |             12 |
|  inst/inst/clk_out1 | CPU_RESETN_IBUF                                                       |                                                                   |                4 |             16 |
|  inst/inst/clk_out1 |                                                                       | item6/CPU_RESETN                                                  |                6 |             17 |
|  inst/inst/clk_out1 |                                                                       |                                                                   |               79 |            250 |
+---------------------+-----------------------------------------------------------------------+-------------------------------------------------------------------+------------------+----------------+


